Arguments: 
  /Users/joer/.nvm/versions/node/v16.13.2/bin/node /Users/joer/.yarn/bin/yarn.js add -D @commitling/config-conventional @commitlint/cli

PATH: 
  /Users/joer/.yarn/bin:/Users/joer/.config/yarn/global/node_modules/.bin:/Users/joer/development/flutter/bin:/Users/joer/.nvm/versions/node/v16.13.2/bin:/Library/Frameworks/Python.framework/Versions/3.7/bin:/usr/local/bin:/usr/bin:/bin:/usr/sbin:/sbin:/Library/Apple/usr/bin:/Library/Frameworks/Mono.framework/Versions/Current/Commands:/Users/joer/.yarn/bin:/Users/joer/.config/yarn/global/node_modules/.bin:/Users/joer/development/flutter/bin:/Library/Frameworks/Python.framework/Versions/3.7/bin:/Users/joer/.cargo/bin:/Applications/SWI-Prolog.app/Contents/swipl/bin:/user/bin:/usr/local/mysql/bin:/usr/local/mysql/support-files:/Users/joer/software/hadoop-2.7.3/sbin:/Users/joer/software/hadoop-2.7.3/bin:/Applications/SWI-Prolog.app/Contents/swipl/bin:/user/bin:/usr/local/mysql/bin:/usr/local/mysql/support-files:/Users/joer/software/hadoop-2.7.3/sbin:/Users/joer/software/hadoop-2.7.3/bin

Yarn version: 
  1.22.17

Node version: 
  16.13.2

Platform: 
  darwin x64

Trace: 
  Error: http://npm.guazi-corp.com/@commitling%2fconfig-conventional: no such package available
      at Request.params.callback [as _callback] (/Users/joer/.yarn/lib/cli.js:67029:18)
      at Request.self.callback (/Users/joer/.yarn/lib/cli.js:140883:22)
      at Request.emit (node:events:390:28)
      at Request.<anonymous> (/Users/joer/.yarn/lib/cli.js:141855:10)
      at Request.emit (node:events:390:28)
      at IncomingMessage.<anonymous> (/Users/joer/.yarn/lib/cli.js:141777:12)
      at Object.onceWrapper (node:events:509:28)
      at IncomingMessage.emit (node:events:402:35)
      at endReadableNT (node:internal/streams/readable:1343:12)
      at processTicksAndRejections (node:internal/process/task_queues:83:21)

npm manifest: 
  {
    "name": "shop-admin",
    "version": "0.0.0",
    "scripts": {
      "dev": "vite",
      "build": "vue-tsc --noEmit && vite build",
      "preview": "vite preview",
      "lint": "eslint './src/**/*.{js,jsx,vue,ts,tsx}' --fix",
      "prepare": "husky install"
    },
    "dependencies": {
      "vue": "^3.2.25"
    },
    "devDependencies": {
      "@typescript-eslint/eslint-plugin": "^5.10.0",
      "@typescript-eslint/parser": "^5.10.0",
      "@vitejs/plugin-vue": "^2.0.0",
      "eslint": "^7.32.0",
      "eslint-config-standard": "^16.0.3",
      "eslint-plugin-import": "^2.25.4",
      "eslint-plugin-node": "^11.1.0",
      "eslint-plugin-promise": "^5.2.0",
      "eslint-plugin-vue": "^8.3.0",
      "husky": ">=6",
      "lint-staged": ">=10",
      "typescript": "^4.4.4",
      "vite": "^2.7.2",
      "vite-plugin-eslint": "^1.3.0",
      "vue-tsc": "^0.29.8"
    },
    "lint-staged": {
      "*.{js,jsx,vue,ts,tsx}": [
        "npm run lint",
        "git add"
      ]
    }
  }

yarn manifest: 
  No manifest

Lockfile: 
  # THIS IS AN AUTOGENERATED FILE. DO NOT EDIT THIS FILE DIRECTLY.
  # yarn lockfile v1
  
  
  "@babel/code-frame@7.12.11":
    version "7.12.11"
    resolved "http://npm.guazi-corp.com/@babel%2fcode-frame/-/code-frame-7.12.11.tgz"
    integrity sha1-9K1DWqJj25NbjxDyxVLSP7cWpj8=
    dependencies:
      "@babel/highlight" "^7.10.4"
  
  "@babel/helper-validator-identifier@^7.16.7":
    version "7.16.7"
    resolved "http://npm.guazi-corp.com/@babel%2fhelper-validator-identifier/-/helper-validator-identifier-7.16.7.tgz"
    integrity sha512-hsEnFemeiW4D08A5gUAZxLBTXpZ39P+a+DGDsHw1yxqyQ/jzFEnxf5uTEGp+3bzAbNOxU1paTgYS4ECU/IgfDw==
  
  "@babel/highlight@^7.10.4":
    version "7.16.10"
    resolved "http://npm.guazi-corp.com/@babel%2fhighlight/-/highlight-7.16.10.tgz"
    integrity sha512-5FnTQLSLswEj6IkgVw5KusNUUFY9ZGqe/TRFnP/BKYHYgfh7tc+C7mwiy95/yNP7Dh9x580Vv8r7u7ZfTBFxdw==
    dependencies:
      "@babel/helper-validator-identifier" "^7.16.7"
      chalk "^2.0.0"
      js-tokens "^4.0.0"
  
  "@babel/parser@^7.16.4", "@babel/parser@^7.6.0", "@babel/parser@^7.9.6":
    version "7.16.12"
    resolved "http://npm.guazi-corp.com/@babel%2fparser/-/parser-7.16.12.tgz"
    integrity sha512-VfaV15po8RiZssrkPweyvbGVSe4x2y+aciFCgn0n0/SJMR22cwofRV1mtnJQYcSB1wUTaA/X1LnA3es66MCO5A==
  
  "@babel/types@^7.6.1", "@babel/types@^7.9.6":
    version "7.16.8"
    resolved "http://npm.guazi-corp.com/@babel%2ftypes/-/types-7.16.8.tgz"
    integrity sha512-smN2DQc5s4M7fntyjGtyIPbRJv6wW4rU/94fmYJ7PKQuZkC0qGMHXJbg6sNGt12JmVr4k5YaptI/XtiLJBnmIg==
    dependencies:
      "@babel/helper-validator-identifier" "^7.16.7"
      to-fast-properties "^2.0.0"
  
  "@emmetio/abbreviation@^2.2.2":
    version "2.2.2"
    resolved "http://npm.guazi-corp.com/@emmetio%2fabbreviation/-/abbreviation-2.2.2.tgz"
    integrity sha1-dGdi/Z56jC6mBPWAxi48/iUOaYk=
    dependencies:
      "@emmetio/scanner" "^1.0.0"
  
  "@emmetio/css-abbreviation@^2.1.4":
    version "2.1.4"
    resolved "http://npm.guazi-corp.com/@emmetio%2fcss-abbreviation/-/css-abbreviation-2.1.4.tgz"
    integrity sha1-kDYuihEizjt29sMVeQfTAYL1P1Q=
    dependencies:
      "@emmetio/scanner" "^1.0.0"
  
  "@emmetio/scanner@^1.0.0":
    version "1.0.0"
    resolved "http://npm.guazi-corp.com/@emmetio%2fscanner/-/scanner-1.0.0.tgz"
    integrity sha1-Blsq9iM/50dNRII+PeuJckr0K18=
  
  "@eslint/eslintrc@^0.4.3":
    version "0.4.3"
    resolved "http://npm.guazi-corp.com/@eslint%2feslintrc/-/eslintrc-0.4.3.tgz"
    integrity sha1-nkKYHvA1vrPdSa3ResuW6P9vOUw=
    dependencies:
      ajv "^6.12.4"
      debug "^4.1.1"
      espree "^7.3.0"
      globals "^13.9.0"
      ignore "^4.0.6"
      import-fresh "^3.2.1"
      js-yaml "^3.13.1"
      minimatch "^3.0.4"
      strip-json-comments "^3.1.1"
  
  "@humanwhocodes/config-array@^0.5.0":
    version "0.5.0"
    resolved "http://npm.guazi-corp.com/@humanwhocodes%2fconfig-array/-/config-array-0.5.0.tgz"
    integrity sha1-FAeWfUxu7Nc4j4Os8er00Mbljvk=
    dependencies:
      "@humanwhocodes/object-schema" "^1.2.0"
      debug "^4.1.1"
      minimatch "^3.0.4"
  
  "@humanwhocodes/object-schema@^1.2.0":
    version "1.2.1"
    resolved "http://npm.guazi-corp.com/@humanwhocodes%2fobject-schema/-/object-schema-1.2.1.tgz"
    integrity sha1-tSBSnsIdjllFoYUd/Rwy6U45/0U=
  
  "@nodelib/fs.scandir@2.1.5":
    version "2.1.5"
    resolved "http://npm.guazi-corp.com/@nodelib%2ffs.scandir/-/fs.scandir-2.1.5.tgz"
    integrity sha1-dhnC6yGyVIP20WdUi0z9WnSIw9U=
    dependencies:
      "@nodelib/fs.stat" "2.0.5"
      run-parallel "^1.1.9"
  
  "@nodelib/fs.stat@2.0.5", "@nodelib/fs.stat@^2.0.2":
    version "2.0.5"
    resolved "http://npm.guazi-corp.com/@nodelib%2ffs.stat/-/fs.stat-2.0.5.tgz"
    integrity sha1-W9Jir5Tp0lvR5xsF3u1Eh2oiLos=
  
  "@nodelib/fs.walk@^1.2.3":
    version "1.2.8"
    resolved "http://npm.guazi-corp.com/@nodelib%2ffs.walk/-/fs.walk-1.2.8.tgz"
    integrity sha1-6Vc36LtnRt3t9pxVaVNJTxlv5po=
    dependencies:
      "@nodelib/fs.scandir" "2.1.5"
      fastq "^1.6.0"
  
  "@rollup/pluginutils@^4.1.0":
    version "4.1.2"
    resolved "http://npm.guazi-corp.com/@rollup%2fpluginutils/-/pluginutils-4.1.2.tgz#ed5821c15e5e05e32816f5fb9ec607cdf5a75751"
    integrity sha512-ROn4qvkxP9SyPeHaf7uQC/GPFY6L/OWy9+bd9AwcjOAWQwxRscoEyAUD8qCY5o5iL4jqQwoLk2kaTKJPb/HwzQ==
    dependencies:
      estree-walker "^2.0.1"
      picomatch "^2.2.2"
  
  "@types/json-schema@^7.0.9":
    version "7.0.9"
    resolved "http://npm.guazi-corp.com/@types%2fjson-schema/-/json-schema-7.0.9.tgz"
    integrity sha1-l+3JA36gw4WFMgsolk3eOznkZg0=
  
  "@types/json5@^0.0.29":
    version "0.0.29"
    resolved "http://npm.guazi-corp.com/@types%2fjson5/-/json5-0.0.29.tgz"
    integrity sha1-7ihweulOEdK4J7y+UnC86n8+ce4=
  
  "@typescript-eslint/eslint-plugin@^5.10.0":
    version "5.10.0"
    resolved "http://npm.guazi-corp.com/@typescript-eslint%2feslint-plugin/-/eslint-plugin-5.10.0.tgz"
    integrity sha512-XXVKnMsq2fuu9K2KsIxPUGqb6xAImz8MEChClbXmE3VbveFtBUU5bzM6IPVWqzyADIgdkS2Ws/6Xo7W2TeZWjQ==
    dependencies:
      "@typescript-eslint/scope-manager" "5.10.0"
      "@typescript-eslint/type-utils" "5.10.0"
      "@typescript-eslint/utils" "5.10.0"
      debug "^4.3.2"
      functional-red-black-tree "^1.0.1"
      ignore "^5.1.8"
      regexpp "^3.2.0"
      semver "^7.3.5"
      tsutils "^3.21.0"
  
  "@typescript-eslint/parser@^5.10.0":
    version "5.10.0"
    resolved "http://npm.guazi-corp.com/@typescript-eslint%2fparser/-/parser-5.10.0.tgz"
    integrity sha512-pJB2CCeHWtwOAeIxv8CHVGJhI5FNyJAIpx5Pt72YkK3QfEzt6qAlXZuyaBmyfOdM62qU0rbxJzNToPTVeJGrQw==
    dependencies:
      "@typescript-eslint/scope-manager" "5.10.0"
      "@typescript-eslint/types" "5.10.0"
      "@typescript-eslint/typescript-estree" "5.10.0"
      debug "^4.3.2"
  
  "@typescript-eslint/scope-manager@5.10.0":
    version "5.10.0"
    resolved "http://npm.guazi-corp.com/@typescript-eslint%2fscope-manager/-/scope-manager-5.10.0.tgz"
    integrity sha512-tgNgUgb4MhqK6DoKn3RBhyZ9aJga7EQrw+2/OiDk5hKf3pTVZWyqBi7ukP+Z0iEEDMF5FDa64LqODzlfE4O/Dg==
    dependencies:
      "@typescript-eslint/types" "5.10.0"
      "@typescript-eslint/visitor-keys" "5.10.0"
  
  "@typescript-eslint/type-utils@5.10.0":
    version "5.10.0"
    resolved "http://npm.guazi-corp.com/@typescript-eslint%2ftype-utils/-/type-utils-5.10.0.tgz"
    integrity sha512-TzlyTmufJO5V886N+hTJBGIfnjQDQ32rJYxPaeiyWKdjsv2Ld5l8cbS7pxim4DeNs62fKzRSt8Q14Evs4JnZyQ==
    dependencies:
      "@typescript-eslint/utils" "5.10.0"
      debug "^4.3.2"
      tsutils "^3.21.0"
  
  "@typescript-eslint/types@5.10.0":
    version "5.10.0"
    resolved "http://npm.guazi-corp.com/@typescript-eslint%2ftypes/-/types-5.10.0.tgz"
    integrity sha512-wUljCgkqHsMZbw60IbOqT/puLfyqqD5PquGiBo1u1IS3PLxdi3RDGlyf032IJyh+eQoGhz9kzhtZa+VC4eWTlQ==
  
  "@typescript-eslint/typescript-estree@5.10.0":
    version "5.10.0"
    resolved "http://npm.guazi-corp.com/@typescript-eslint%2ftypescript-estree/-/typescript-estree-5.10.0.tgz"
    integrity sha512-x+7e5IqfwLwsxTdliHRtlIYkgdtYXzE0CkFeV6ytAqq431ZyxCFzNMNR5sr3WOlIG/ihVZr9K/y71VHTF/DUQA==
    dependencies:
      "@typescript-eslint/types" "5.10.0"
      "@typescript-eslint/visitor-keys" "5.10.0"
      debug "^4.3.2"
      globby "^11.0.4"
      is-glob "^4.0.3"
      semver "^7.3.5"
      tsutils "^3.21.0"
  
  "@typescript-eslint/utils@5.10.0":
    version "5.10.0"
    resolved "http://npm.guazi-corp.com/@typescript-eslint%2futils/-/utils-5.10.0.tgz"
    integrity sha512-IGYwlt1CVcFoE2ueW4/ioEwybR60RAdGeiJX/iDAw0t5w0wK3S7QncDwpmsM70nKgGTuVchEWB8lwZwHqPAWRg==
    dependencies:
      "@types/json-schema" "^7.0.9"
      "@typescript-eslint/scope-manager" "5.10.0"
      "@typescript-eslint/types" "5.10.0"
      "@typescript-eslint/typescript-estree" "5.10.0"
      eslint-scope "^5.1.1"
      eslint-utils "^3.0.0"
  
  "@typescript-eslint/visitor-keys@5.10.0":
    version "5.10.0"
    resolved "http://npm.guazi-corp.com/@typescript-eslint%2fvisitor-keys/-/visitor-keys-5.10.0.tgz"
    integrity sha512-GMxj0K1uyrFLPKASLmZzCuSddmjZVbVj3Ouy5QVuIGKZopxvOr24JsS7gruz6C3GExE01mublZ3mIBOaon9zuQ==
    dependencies:
      "@typescript-eslint/types" "5.10.0"
      eslint-visitor-keys "^3.0.0"
  
  "@vitejs/plugin-vue@^2.0.0":
    version "2.1.0"
    resolved "http://npm.guazi-corp.com/@vitejs%2fplugin-vue/-/plugin-vue-2.1.0.tgz"
    integrity sha512-AZ78WxvFMYd8JmM/GBV6a6SGGTU0GgN/0/4T+FnMMsLzFEzTeAUwuraapy50ifHZsC+G5SvWs86bvaCPTneFlA==
  
  "@volar/code-gen@0.29.8":
    version "0.29.8"
    resolved "http://npm.guazi-corp.com/@volar%2fcode-gen/-/code-gen-0.29.8.tgz"
    integrity sha512-eohLLUqPChHRPDFT5gXn4V6pr/CeTri7Ou5GI26lUvBRRAbP8p+oYfQRcbMPGeKmVkYjfVj0chsxQGx6T8PQ4Q==
    dependencies:
      "@volar/shared" "0.29.8"
      "@volar/source-map" "0.29.8"
  
  "@volar/html2pug@0.29.8":
    version "0.29.8"
    resolved "http://npm.guazi-corp.com/@volar%2fhtml2pug/-/html2pug-0.29.8.tgz"
    integrity sha512-bhSNXg8A2aD3w0B+CwmHjqCAaKtj5rORbE5C/q/UdGqptJbC6STCmi30KuRTdfPhR++Xb18Hauf3s/WCmtNAPA==
    dependencies:
      domelementtype "^2.2.0"
      domhandler "^4.2.2"
      htmlparser2 "^7.1.2"
      pug "^3.0.2"
  
  "@volar/shared@0.29.8":
    version "0.29.8"
    resolved "http://npm.guazi-corp.com/@volar%2fshared/-/shared-0.29.8.tgz"
    integrity sha512-Y1NN6irkIukD+T0wf4p/dHWYL90sacN2e2lYoDXxRlvoYxwANnHgw0J0Rcp+yw58ElWRScdG7/YntEIuZWeJsw==
    dependencies:
      upath "^2.0.1"
      vscode-jsonrpc "^8.0.0-next.2"
      vscode-uri "^3.0.2"
  
  "@volar/source-map@0.29.8":
    version "0.29.8"
    resolved "http://npm.guazi-corp.com/@volar%2fsource-map/-/source-map-0.29.8.tgz"
    integrity sha512-7w+UoYtnc6UQu30CgMVvx0YN4dzDgP4TIsSmUaW62AGmxU9Lxwp3Kkn/4N8efi91z8ma5Z78v/HddyJPwAC3LA==
    dependencies:
      "@volar/shared" "0.29.8"
  
  "@volar/transforms@0.29.8":
    version "0.29.8"
    resolved "http://npm.guazi-corp.com/@volar%2ftransforms/-/transforms-0.29.8.tgz"
    integrity sha512-o2hRa8CoDwYTO1Mu5KA47+1elUnYUjDaVhCvbyKlRfd8qpHea2llotArq7B6OORSL2M9DVs1IRJ5NGURBFeZ3Q==
    dependencies:
      "@volar/shared" "0.29.8"
      vscode-languageserver "^8.0.0-next.2"
  
  "@volar/vue-code-gen@0.29.8":
    version "0.29.8"
    resolved "http://npm.guazi-corp.com/@volar%2fvue-code-gen/-/vue-code-gen-0.29.8.tgz"
    integrity sha512-E1e7P2oktNC/DzgDBditfla4s8+HlUlluZ+BtcLvEdbkl3QEjujkB0x1wxguWzXmpWgLIDPtrS3Jzll5cCOkTg==
    dependencies:
      "@volar/code-gen" "0.29.8"
      "@volar/shared" "0.29.8"
      "@volar/source-map" "0.29.8"
      "@vue/compiler-core" "^3.2.21"
      "@vue/compiler-dom" "^3.2.21"
      "@vue/shared" "^3.2.21"
      upath "^2.0.1"
  
  "@vscode/emmet-helper@^2.8.0":
    version "2.8.3"
    resolved "http://npm.guazi-corp.com/@vscode%2femmet-helper/-/emmet-helper-2.8.3.tgz"
    integrity sha512-dkTSL+BaBBS8gFgPm/GMOU+XfxaMyI+Fl1IUYxEi8Iv24RfHf9/q2eCpV2hs7sncLcoKWEbMYe5gv4Ppmp2Oxw==
    dependencies:
      emmet "^2.3.0"
      jsonc-parser "^2.3.0"
      vscode-languageserver-textdocument "^1.0.1"
      vscode-languageserver-types "^3.15.1"
      vscode-nls "^5.0.0"
      vscode-uri "^2.1.2"
  
  "@vue/compiler-core@3.2.28", "@vue/compiler-core@^3.2.21":
    version "3.2.28"
    resolved "http://npm.guazi-corp.com/@vue%2fcompiler-core/-/compiler-core-3.2.28.tgz"
    integrity sha512-mQpfEjmHVxmWKaup0HL6tLMv2HqjjJu7XT4/q0IoUXYXC4xKG8lIVn5YChJqxBTLPuQjzas7u7i9L4PAWJZRtA==
    dependencies:
      "@babel/parser" "^7.16.4"
      "@vue/shared" "3.2.28"
      estree-walker "^2.0.2"
      source-map "^0.6.1"
  
  "@vue/compiler-dom@3.2.28", "@vue/compiler-dom@^3.2.21":
    version "3.2.28"
    resolved "http://npm.guazi-corp.com/@vue%2fcompiler-dom/-/compiler-dom-3.2.28.tgz"
    integrity sha512-KA4yXceLteKC7VykvPnViUixemQw3A+oii+deSbZJOQKQKVh1HLosI10qxa8ImPCyun41+wG3uGR+tW7eu1W6Q==
    dependencies:
      "@vue/compiler-core" "3.2.28"
      "@vue/shared" "3.2.28"
  
  "@vue/compiler-sfc@3.2.28":
    version "3.2.28"
    resolved "http://npm.guazi-corp.com/@vue%2fcompiler-sfc/-/compiler-sfc-3.2.28.tgz"
    integrity sha512-zB0WznfEBb4CbGBHzhboHDKVO5nxbkbxxFo9iVlxObP7a9/qvA5kkZEuT7nXP52f3b3qEfmVTjIT23Lo1ndZdQ==
    dependencies:
      "@babel/parser" "^7.16.4"
      "@vue/compiler-core" "3.2.28"
      "@vue/compiler-dom" "3.2.28"
      "@vue/compiler-ssr" "3.2.28"
      "@vue/reactivity-transform" "3.2.28"
      "@vue/shared" "3.2.28"
      estree-walker "^2.0.2"
      magic-string "^0.25.7"
      postcss "^8.1.10"
      source-map "^0.6.1"
  
  "@vue/compiler-ssr@3.2.28":
    version "3.2.28"
    resolved "http://npm.guazi-corp.com/@vue%2fcompiler-ssr/-/compiler-ssr-3.2.28.tgz"
    integrity sha512-z8rck1PDTu20iLyip9lAvIhaO40DUJrw3Zv0mS4Apfh3PlfWpF5dhsO5g0dgt213wgYsQIYVIlU9cfrYapqRgg==
    dependencies:
      "@vue/compiler-dom" "3.2.28"
      "@vue/shared" "3.2.28"
  
  "@vue/reactivity-transform@3.2.28":
    version "3.2.28"
    resolved "http://npm.guazi-corp.com/@vue%2freactivity-transform/-/reactivity-transform-3.2.28.tgz"
    integrity sha512-zE8idNkOPnBDd2tKSIk84hOQZ+jXKvSy5FoIIVlcNEJHnCFnQ3maqeSJ9KoB2Rf6EXUhFTiTDNRlYlXmT2uHbQ==
    dependencies:
      "@babel/parser" "^7.16.4"
      "@vue/compiler-core" "3.2.28"
      "@vue/shared" "3.2.28"
      estree-walker "^2.0.2"
      magic-string "^0.25.7"
  
  "@vue/reactivity@3.2.28", "@vue/reactivity@^3.2.21":
    version "3.2.28"
    resolved "http://npm.guazi-corp.com/@vue%2freactivity/-/reactivity-3.2.28.tgz"
    integrity sha512-WamM5LGv7JIarW+EYAzYFqYonZXjTnOjNW0sBO93jRE9I1ReAwfH8NvQXkPA3JZ3fuF6SGDdG8Y9/+dKjd/1Gw==
    dependencies:
      "@vue/shared" "3.2.28"
  
  "@vue/runtime-core@3.2.28":
    version "3.2.28"
    resolved "http://npm.guazi-corp.com/@vue%2fruntime-core/-/runtime-core-3.2.28.tgz"
    integrity sha512-sVbBMFUt42JatTlXbdH6tVcLPw1eEOrrVQWI+j6/nJVzR852RURaT6DhdR0azdYscxq4xmmBctE0VQmlibBOFw==
    dependencies:
      "@vue/reactivity" "3.2.28"
      "@vue/shared" "3.2.28"
  
  "@vue/runtime-dom@3.2.28":
    version "3.2.28"
    resolved "http://npm.guazi-corp.com/@vue%2fruntime-dom/-/runtime-dom-3.2.28.tgz"
    integrity sha512-Jg7cxZanEXXGu1QnZILFLnDrM+MIFN8VAullmMZiJEZziHvhygRMpi0ahNy/8OqGwtTze1JNhLdHRBO+q2hbmg==
    dependencies:
      "@vue/runtime-core" "3.2.28"
      "@vue/shared" "3.2.28"
      csstype "^2.6.8"
  
  "@vue/server-renderer@3.2.28":
    version "3.2.28"
    resolved "http://npm.guazi-corp.com/@vue%2fserver-renderer/-/server-renderer-3.2.28.tgz"
    integrity sha512-S+MhurgkPabRvhdDl8R6efKBmniJqBbbWIYTXADaJIKFLFLQCW4gcYUTbxuebzk6j3z485vpekhrHHymTF52Pg==
    dependencies:
      "@vue/compiler-ssr" "3.2.28"
      "@vue/shared" "3.2.28"
  
  "@vue/shared@3.2.28", "@vue/shared@^3.2.21":
    version "3.2.28"
    resolved "http://npm.guazi-corp.com/@vue%2fshared/-/shared-3.2.28.tgz"
    integrity sha512-eMQ8s9j8FpbGHlgUAaj/coaG3Q8YtMsoWL/RIHTsE3Ex7PUTyr7V91vB5HqWB5Sn8m4RXTHGO22/skoTUYvp0A==
  
  acorn-jsx@^5.3.1:
    version "5.3.2"
    resolved "http://npm.guazi-corp.com/acorn-jsx/-/acorn-jsx-5.3.2.tgz"
    integrity sha1-ftW7VZCLOy8bxVxq8WU7rafweTc=
  
  acorn@^7.1.1, acorn@^7.4.0:
    version "7.4.1"
    resolved "http://npm.guazi-corp.com/acorn/-/acorn-7.4.1.tgz"
    integrity sha1-/q7SVZc9LndVW4PbwIhRpsY1IPo=
  
  acorn@^8.7.0:
    version "8.7.0"
    resolved "http://npm.guazi-corp.com/acorn/-/acorn-8.7.0.tgz"
    integrity sha512-V/LGr1APy+PXIwKebEWrkZPwoeoF+w1jiOBUmuxuiUIaOHtob8Qc9BTrYo7VuI5fR8tqsy+buA2WFooR5olqvQ==
  
  aggregate-error@^3.0.0:
    version "3.1.0"
    resolved "http://npm.guazi-corp.com/aggregate-error/-/aggregate-error-3.1.0.tgz#92670ff50f5359bdb7a3e0d40d0ec30c5737687a"
    integrity sha1-kmcP9Q9TWb23o+DUDQ7DDFc3aHo=
    dependencies:
      clean-stack "^2.0.0"
      indent-string "^4.0.0"
  
  ajv@^6.10.0, ajv@^6.12.4:
    version "6.12.6"
    resolved "http://npm.guazi-corp.com/ajv/-/ajv-6.12.6.tgz"
    integrity sha1-uvWmLoArB9l3A0WG+MO69a3ybfQ=
    dependencies:
      fast-deep-equal "^3.1.1"
      fast-json-stable-stringify "^2.0.0"
      json-schema-traverse "^0.4.1"
      uri-js "^4.2.2"
  
  ajv@^8.0.1:
    version "8.9.0"
    resolved "http://npm.guazi-corp.com/ajv/-/ajv-8.9.0.tgz"
    integrity sha512-qOKJyNj/h+OWx7s5DePL6Zu1KeM9jPZhwBqs+7DzP6bGOvqzVCSf0xueYmVuaC/oQ/VtS2zLMLHdQFbkka+XDQ==
    dependencies:
      fast-deep-equal "^3.1.1"
      json-schema-traverse "^1.0.0"
      require-from-string "^2.0.2"
      uri-js "^4.2.2"
  
  ansi-colors@^4.1.1:
    version "4.1.1"
    resolved "http://npm.guazi-corp.com/ansi-colors/-/ansi-colors-4.1.1.tgz"
    integrity sha1-y7muJWv3UK8eqzRPIpqif+lLo0g=
  
  ansi-escapes@^4.3.0:
    version "4.3.2"
    resolved "http://npm.guazi-corp.com/ansi-escapes/-/ansi-escapes-4.3.2.tgz#6b2291d1db7d98b6521d5f1efa42d0f3a9feb65e"
    integrity sha1-ayKR0dt9mLZSHV8e+kLQ86n+tl4=
    dependencies:
      type-fest "^0.21.3"
  
  ansi-regex@^5.0.1:
    version "5.0.1"
    resolved "http://npm.guazi-corp.com/ansi-regex/-/ansi-regex-5.0.1.tgz"
    integrity sha1-CCyyyJyf6GWaMRpTvWpNxTAdswQ=
  
  ansi-regex@^6.0.1:
    version "6.0.1"
    resolved "http://npm.guazi-corp.com/ansi-regex/-/ansi-regex-6.0.1.tgz#3183e38fae9a65d7cb5e53945cd5897d0260a06a"
    integrity sha1-MYPjj66aZdfLXlOUXNWJfQJgoGo=
  
  ansi-styles@^3.2.1:
    version "3.2.1"
    resolved "http://npm.guazi-corp.com/ansi-styles/-/ansi-styles-3.2.1.tgz"
    integrity sha1-QfuyAkPlCxK+DwS43tvwdSDOhB0=
    dependencies:
      color-convert "^1.9.0"
  
  ansi-styles@^4.0.0, ansi-styles@^4.1.0:
    version "4.3.0"
    resolved "http://npm.guazi-corp.com/ansi-styles/-/ansi-styles-4.3.0.tgz"
    integrity sha1-7dgDYornHATIWuegkG7a00tkiTc=
    dependencies:
      color-convert "^2.0.1"
  
  ansi-styles@^6.0.0:
    version "6.1.0"
    resolved "http://npm.guazi-corp.com/ansi-styles/-/ansi-styles-6.1.0.tgz#87313c102b8118abd57371afab34618bf7350ed3"
    integrity sha1-hzE8ECuBGKvVc3GvqzRhi/c1DtM=
  
  argparse@^1.0.7:
    version "1.0.10"
    resolved "http://npm.guazi-corp.com/argparse/-/argparse-1.0.10.tgz"
    integrity sha1-vNZ5HqWuCXJeF+WtmIE0zUCz2RE=
    dependencies:
      sprintf-js "~1.0.2"
  
  array-includes@^3.1.4:
    version "3.1.4"
    resolved "http://npm.guazi-corp.com/array-includes/-/array-includes-3.1.4.tgz"
    integrity sha1-9bSTFix2DzU5Yx8AW6K7Rqy0W6k=
    dependencies:
      call-bind "^1.0.2"
      define-properties "^1.1.3"
      es-abstract "^1.19.1"
      get-intrinsic "^1.1.1"
      is-string "^1.0.7"
  
  array-union@^2.1.0:
    version "2.1.0"
    resolved "http://npm.guazi-corp.com/array-union/-/array-union-2.1.0.tgz"
    integrity sha1-t5hCCtvrHego2ErNii4j0+/oXo0=
  
  array.prototype.flat@^1.2.5:
    version "1.2.5"
    resolved "http://npm.guazi-corp.com/array.prototype.flat/-/array.prototype.flat-1.2.5.tgz"
    integrity sha1-B+CXXYS7x8SM0YedYJ5oJZjTPhM=
    dependencies:
      call-bind "^1.0.2"
      define-properties "^1.1.3"
      es-abstract "^1.19.0"
  
  asap@~2.0.3:
    version "2.0.6"
    resolved "http://npm.guazi-corp.com/asap/-/asap-2.0.6.tgz"
    integrity sha1-5QNHYR1+aQlDIIu9r+vLwvuGbUY=
  
  assert-never@^1.2.1:
    version "1.2.1"
    resolved "http://npm.guazi-corp.com/assert-never/-/assert-never-1.2.1.tgz"
    integrity sha1-EfDjY78UYgX7CBk7XHuQ9NHPRP4=
  
  astral-regex@^2.0.0:
    version "2.0.0"
    resolved "http://npm.guazi-corp.com/astral-regex/-/astral-regex-2.0.0.tgz"
    integrity sha1-SDFDxWeu7UeFdZwIZXhtx319LjE=
  
  babel-walk@3.0.0-canary-5:
    version "3.0.0-canary-5"
    resolved "http://npm.guazi-corp.com/babel-walk/-/babel-walk-3.0.0-canary-5.tgz"
    integrity sha1-9m7Ncpg1eu5ElV8jWm71QhkQSxE=
    dependencies:
      "@babel/types" "^7.9.6"
  
  balanced-match@^1.0.0:
    version "1.0.2"
    resolved "http://npm.guazi-corp.com/balanced-match/-/balanced-match-1.0.2.tgz"
    integrity sha1-6D46fj8wCzTLnYf2FfoMvzV2kO4=
  
  brace-expansion@^1.1.7:
    version "1.1.11"
    resolved "http://npm.guazi-corp.com/brace-expansion/-/brace-expansion-1.1.11.tgz"
    integrity sha1-PH/L9SnYcibz0vUrlm/1Jx60Qd0=
    dependencies:
      balanced-match "^1.0.0"
      concat-map "0.0.1"
  
  braces@^3.0.1:
    version "3.0.2"
    resolved "http://npm.guazi-corp.com/braces/-/braces-3.0.2.tgz"
    integrity sha1-NFThpGLujVmeI23zNs2epPiv4Qc=
    dependencies:
      fill-range "^7.0.1"
  
  call-bind@^1.0.0, call-bind@^1.0.2:
    version "1.0.2"
    resolved "http://npm.guazi-corp.com/call-bind/-/call-bind-1.0.2.tgz"
    integrity sha1-sdTonmiBGcPJqQOtMKuy9qkZvjw=
    dependencies:
      function-bind "^1.1.1"
      get-intrinsic "^1.0.2"
  
  callsites@^3.0.0:
    version "3.1.0"
    resolved "http://npm.guazi-corp.com/callsites/-/callsites-3.1.0.tgz"
    integrity sha1-s2MKvYlDQy9Us/BRkjjjPNffL3M=
  
  chalk@^2.0.0:
    version "2.4.2"
    resolved "http://npm.guazi-corp.com/chalk/-/chalk-2.4.2.tgz"
    integrity sha1-zUJUFnelQzPPVBpJEIwUMrRMlCQ=
    dependencies:
      ansi-styles "^3.2.1"
      escape-string-regexp "^1.0.5"
      supports-color "^5.3.0"
  
  chalk@^4.0.0:
    version "4.1.2"
    resolved "http://npm.guazi-corp.com/chalk/-/chalk-4.1.2.tgz"
    integrity sha1-qsTit3NKdAhnrrFr8CqtVWoeegE=
    dependencies:
      ansi-styles "^4.1.0"
      supports-color "^7.1.0"
  
  character-parser@^2.2.0:
    version "2.2.0"
    resolved "http://npm.guazi-corp.com/character-parser/-/character-parser-2.2.0.tgz"
    integrity sha1-x84o821LzZdE5f/CxfzeHHMmH8A=
    dependencies:
      is-regex "^1.0.3"
  
  clean-stack@^2.0.0:
    version "2.2.0"
    resolved "http://npm.guazi-corp.com/clean-stack/-/clean-stack-2.2.0.tgz#ee8472dbb129e727b31e8a10a427dee9dfe4008b"
    integrity sha1-7oRy27Ep5yezHooQpCfe6d/kAIs=
  
  cli-cursor@^3.1.0:
    version "3.1.0"
    resolved "http://npm.guazi-corp.com/cli-cursor/-/cli-cursor-3.1.0.tgz#264305a7ae490d1d03bf0c9ba7c925d1753af307"
    integrity sha1-JkMFp65JDR0Dvwybp8kl0XU68wc=
    dependencies:
      restore-cursor "^3.1.0"
  
  cli-truncate@^2.1.0:
    version "2.1.0"
    resolved "http://npm.guazi-corp.com/cli-truncate/-/cli-truncate-2.1.0.tgz#c39e28bf05edcde5be3b98992a22deed5a2b93c7"
    integrity sha1-w54ovwXtzeW+O5iZKiLe7Vork8c=
    dependencies:
      slice-ansi "^3.0.0"
      string-width "^4.2.0"
  
  cli-truncate@^3.1.0:
    version "3.1.0"
    resolved "http://npm.guazi-corp.com/cli-truncate/-/cli-truncate-3.1.0.tgz#3f23ab12535e3d73e839bb43e73c9de487db1389"
    integrity sha1-PyOrElNePXPoObtD5zyd5IfbE4k=
    dependencies:
      slice-ansi "^5.0.0"
      string-width "^5.0.0"
  
  color-convert@^1.9.0:
    version "1.9.3"
    resolved "http://npm.guazi-corp.com/color-convert/-/color-convert-1.9.3.tgz"
    integrity sha1-u3GFBpDh8TZWfeYp0tVHHe2kweg=
    dependencies:
      color-name "1.1.3"
  
  color-convert@^2.0.1:
    version "2.0.1"
    resolved "http://npm.guazi-corp.com/color-convert/-/color-convert-2.0.1.tgz"
    integrity sha1-ctOmjVmMm9s68q0ehPIdiWq9TeM=
    dependencies:
      color-name "~1.1.4"
  
  color-name@1.1.3:
    version "1.1.3"
    resolved "http://npm.guazi-corp.com/color-name/-/color-name-1.1.3.tgz"
    integrity sha1-p9BVi9icQveV3UIyj3QIMcpTvCU=
  
  color-name@~1.1.4:
    version "1.1.4"
    resolved "http://npm.guazi-corp.com/color-name/-/color-name-1.1.4.tgz"
    integrity sha1-wqCah6y95pVD3m9j+jmVyCbFNqI=
  
  colorette@^2.0.16:
    version "2.0.16"
    resolved "http://npm.guazi-corp.com/colorette/-/colorette-2.0.16.tgz#713b9af84fdb000139f04546bd4a93f62a5085da"
    integrity sha1-cTua+E/bAAE58EVGvUqT9ipQhdo=
  
  commander@^8.3.0:
    version "8.3.0"
    resolved "http://npm.guazi-corp.com/commander/-/commander-8.3.0.tgz#4837ea1b2da67b9c616a67afbb0fafee567bca66"
    integrity sha1-SDfqGy2me5xhamevuw+v7lZ7ymY=
  
  concat-map@0.0.1:
    version "0.0.1"
    resolved "http://npm.guazi-corp.com/concat-map/-/concat-map-0.0.1.tgz"
    integrity sha1-2Klr13/Wjfd5OnMDajug1UBdR3s=
  
  constantinople@^4.0.1:
    version "4.0.1"
    resolved "http://npm.guazi-corp.com/constantinople/-/constantinople-4.0.1.tgz"
    integrity sha1-De8RP6Dk3I3oMzGlz3nIsyUhMVE=
    dependencies:
      "@babel/parser" "^7.6.0"
      "@babel/types" "^7.6.1"
  
  cross-spawn@^7.0.2, cross-spawn@^7.0.3:
    version "7.0.3"
    resolved "http://npm.guazi-corp.com/cross-spawn/-/cross-spawn-7.0.3.tgz"
    integrity sha1-9zqFudXUHQRVUcF34ogtSshXKKY=
    dependencies:
      path-key "^3.1.0"
      shebang-command "^2.0.0"
      which "^2.0.1"
  
  csstype@^2.6.8:
    version "2.6.19"
    resolved "http://npm.guazi-corp.com/csstype/-/csstype-2.6.19.tgz"
    integrity sha1-/utarokCC7OJ4fY2aaXtSQ45HKo=
  
  debug@^2.6.9:
    version "2.6.9"
    resolved "http://npm.guazi-corp.com/debug/-/debug-2.6.9.tgz"
    integrity sha1-XRKFFd8TT/Mn6QpMk/Tgd6U2NB8=
    dependencies:
      ms "2.0.0"
  
  debug@^3.2.7:
    version "3.2.7"
    resolved "http://npm.guazi-corp.com/debug/-/debug-3.2.7.tgz"
    integrity sha1-clgLfpFF+zm2Z2+cXl+xALk0F5o=
    dependencies:
      ms "^2.1.1"
  
  debug@^4.0.1, debug@^4.1.1, debug@^4.3.2, debug@^4.3.3:
    version "4.3.3"
    resolved "http://npm.guazi-corp.com/debug/-/debug-4.3.3.tgz"
    integrity sha512-/zxw5+vh1Tfv+4Qn7a5nsbcJKPaSvCDhojn6FEl9vupwK2VCSDtEiEtqr8DFtzYFOdz63LBkxec7DYuc2jon6Q==
    dependencies:
      ms "2.1.2"
  
  deep-is@^0.1.3:
    version "0.1.4"
    resolved "http://npm.guazi-corp.com/deep-is/-/deep-is-0.1.4.tgz"
    integrity sha1-pvLc5hL63S7x9Rm3NVHxfoUZmDE=
  
  define-properties@^1.1.3:
    version "1.1.3"
    resolved "http://npm.guazi-corp.com/define-properties/-/define-properties-1.1.3.tgz"
    integrity sha1-z4jabL7ib+bbcJT2HYcMvYTO6fE=
    dependencies:
      object-keys "^1.0.12"
  
  dir-glob@^3.0.1:
    version "3.0.1"
    resolved "http://npm.guazi-corp.com/dir-glob/-/dir-glob-3.0.1.tgz"
    integrity sha1-Vtv3PZkqSpO6FYT0U0Bj/S5BcX8=
    dependencies:
      path-type "^4.0.0"
  
  doctrine@^2.1.0:
    version "2.1.0"
    resolved "http://npm.guazi-corp.com/doctrine/-/doctrine-2.1.0.tgz"
    integrity sha1-XNAfwQFiG0LEzX9dGmYkNxbT850=
    dependencies:
      esutils "^2.0.2"
  
  doctrine@^3.0.0:
    version "3.0.0"
    resolved "http://npm.guazi-corp.com/doctrine/-/doctrine-3.0.0.tgz"
    integrity sha1-rd6+rXKmV023g2OdyHoSF3OXOWE=
    dependencies:
      esutils "^2.0.2"
  
  doctypes@^1.1.0:
    version "1.1.0"
    resolved "http://npm.guazi-corp.com/doctypes/-/doctypes-1.1.0.tgz"
    integrity sha1-6oCxBqh1OHdOijpKWv4pPeSJ4Kk=
  
  dom-serializer@^1.0.1:
    version "1.3.2"
    resolved "http://npm.guazi-corp.com/dom-serializer/-/dom-serializer-1.3.2.tgz"
    integrity sha1-YgZDfTLO767HFhgDIwx6ILwbTZE=
    dependencies:
      domelementtype "^2.0.1"
      domhandler "^4.2.0"
      entities "^2.0.0"
  
  domelementtype@^2.0.1, domelementtype@^2.2.0:
    version "2.2.0"
    resolved "http://npm.guazi-corp.com/domelementtype/-/domelementtype-2.2.0.tgz"
    integrity sha1-mgtsJ4LtahxzI9QiZxg9+b2LHVc=
  
  domhandler@^4.2.0, domhandler@^4.2.2:
    version "4.3.0"
    resolved "http://npm.guazi-corp.com/domhandler/-/domhandler-4.3.0.tgz"
    integrity sha512-fC0aXNQXqKSFTr2wDNZDhsEYjCiYsDWl3D01kwt25hm1YIPyDGHvvi3rw+PLqHAl/m71MaiF7d5zvBr0p5UB2g==
    dependencies:
      domelementtype "^2.2.0"
  
  domutils@^2.8.0:
    version "2.8.0"
    resolved "http://npm.guazi-corp.com/domutils/-/domutils-2.8.0.tgz"
    integrity sha1-RDfe9dtuLR9dbuhZvZXKfQIEgTU=
    dependencies:
      dom-serializer "^1.0.1"
      domelementtype "^2.2.0"
      domhandler "^4.2.0"
  
  eastasianwidth@^0.2.0:
    version "0.2.0"
    resolved "http://npm.guazi-corp.com/eastasianwidth/-/eastasianwidth-0.2.0.tgz#696ce2ec0aa0e6ea93a397ffcf24aa7840c827cb"
    integrity sha1-aWzi7Aqg5uqTo5f/zySqeEDIJ8s=
  
  emmet@^2.3.0:
    version "2.3.5"
    resolved "http://npm.guazi-corp.com/emmet/-/emmet-2.3.5.tgz"
    integrity sha512-LcWfTamJnXIdMfLvJEC5Ld3hY5/KHXgv1L1bp6I7eEvB0ZhacHZ1kX0BYovJ8FroEsreLcq7n7kZhRMsf6jkXQ==
    dependencies:
      "@emmetio/abbreviation" "^2.2.2"
      "@emmetio/css-abbreviation" "^2.1.4"
  
  emoji-regex@^8.0.0:
    version "8.0.0"
    resolved "http://npm.guazi-corp.com/emoji-regex/-/emoji-regex-8.0.0.tgz"
    integrity sha1-6Bj9ac5cz8tARZT4QpY79TFkzDc=
  
  emoji-regex@^9.2.2:
    version "9.2.2"
    resolved "http://npm.guazi-corp.com/emoji-regex/-/emoji-regex-9.2.2.tgz#840c8803b0d8047f4ff0cf963176b32d4ef3ed72"
    integrity sha1-hAyIA7DYBH9P8M+WMXazLU7z7XI=
  
  enquirer@^2.3.5:
    version "2.3.6"
    resolved "http://npm.guazi-corp.com/enquirer/-/enquirer-2.3.6.tgz"
    integrity sha1-Kn/l3WNKHkElqXXsmU/1RW3Dc00=
    dependencies:
      ansi-colors "^4.1.1"
  
  entities@^2.0.0:
    version "2.2.0"
    resolved "http://npm.guazi-corp.com/entities/-/entities-2.2.0.tgz"
    integrity sha1-CY3JDruD2N/6CJ1VJWs1HTTE2lU=
  
  entities@^3.0.1:
    version "3.0.1"
    resolved "http://npm.guazi-corp.com/entities/-/entities-3.0.1.tgz"
    integrity sha1-K4h8piWF6W2zkDSC0zbBAGwwAdQ=
  
  es-abstract@^1.19.0, es-abstract@^1.19.1:
    version "1.19.1"
    resolved "http://npm.guazi-corp.com/es-abstract/-/es-abstract-1.19.1.tgz"
    integrity sha1-1IhXlodpFpWd547aoN9FZicRXsM=
    dependencies:
      call-bind "^1.0.2"
      es-to-primitive "^1.2.1"
      function-bind "^1.1.1"
      get-intrinsic "^1.1.1"
      get-symbol-description "^1.0.0"
      has "^1.0.3"
      has-symbols "^1.0.2"
      internal-slot "^1.0.3"
      is-callable "^1.2.4"
      is-negative-zero "^2.0.1"
      is-regex "^1.1.4"
      is-shared-array-buffer "^1.0.1"
      is-string "^1.0.7"
      is-weakref "^1.0.1"
      object-inspect "^1.11.0"
      object-keys "^1.1.1"
      object.assign "^4.1.2"
      string.prototype.trimend "^1.0.4"
      string.prototype.trimstart "^1.0.4"
      unbox-primitive "^1.0.1"
  
  es-to-primitive@^1.2.1:
    version "1.2.1"
    resolved "http://npm.guazi-corp.com/es-to-primitive/-/es-to-primitive-1.2.1.tgz"
    integrity sha1-5VzUyc3BiLzvsDs2bHNjI/xciYo=
    dependencies:
      is-callable "^1.1.4"
      is-date-object "^1.0.1"
      is-symbol "^1.0.2"
  
  esbuild-android-arm64@0.13.15:
    version "0.13.15"
    resolved "http://npm.guazi-corp.com/esbuild-android-arm64/-/esbuild-android-arm64-0.13.15.tgz#3fc3ff0bab76fe35dd237476b5d2b32bb20a3d44"
    integrity sha1-P8P/C6t2/jXdI3R2tdKzK7IKPUQ=
  
  esbuild-darwin-64@0.13.15:
    version "0.13.15"
    resolved "http://npm.guazi-corp.com/esbuild-darwin-64/-/esbuild-darwin-64-0.13.15.tgz"
    integrity sha1-jpFpwWuvRE6s7GDQmyTRGyVajnI=
  
  esbuild-darwin-arm64@0.13.15:
    version "0.13.15"
    resolved "http://npm.guazi-corp.com/esbuild-darwin-arm64/-/esbuild-darwin-arm64-0.13.15.tgz#1b07f893b632114f805e188ddfca41b2b778229a"
    integrity sha1-Gwf4k7YyEU+AXhiN38pBsrd4Ipo=
  
  esbuild-freebsd-64@0.13.15:
    version "0.13.15"
    resolved "http://npm.guazi-corp.com/esbuild-freebsd-64/-/esbuild-freebsd-64-0.13.15.tgz#0b8b7eca1690c8ec94c75680c38c07269c1f4a85"
    integrity sha1-C4t+yhaQyOyUx1aAw4wHJpwfSoU=
  
  esbuild-freebsd-arm64@0.13.15:
    version "0.13.15"
    resolved "http://npm.guazi-corp.com/esbuild-freebsd-arm64/-/esbuild-freebsd-arm64-0.13.15.tgz#2e1a6c696bfdcd20a99578b76350b41db1934e52"
    integrity sha1-LhpsaWv9zSCplXi3Y1C0HbGTTlI=
  
  esbuild-linux-32@0.13.15:
    version "0.13.15"
    resolved "http://npm.guazi-corp.com/esbuild-linux-32/-/esbuild-linux-32-0.13.15.tgz#6fd39f36fc66dd45b6b5f515728c7bbebc342a69"
    integrity sha1-b9OfNvxm3UW2tfUVcox7vrw0Kmk=
  
  esbuild-linux-64@0.13.15:
    version "0.13.15"
    resolved "http://npm.guazi-corp.com/esbuild-linux-64/-/esbuild-linux-64-0.13.15.tgz#9cb8e4bcd7574e67946e4ee5f1f1e12386bb6dd3"
    integrity sha1-nLjkvNdXTmeUbk7l8fHhI4a7bdM=
  
  esbuild-linux-arm64@0.13.15:
    version "0.13.15"
    resolved "http://npm.guazi-corp.com/esbuild-linux-arm64/-/esbuild-linux-arm64-0.13.15.tgz#3891aa3704ec579a1b92d2a586122e5b6a2bfba1"
    integrity sha1-OJGqNwTsV5obktKlhhIuW2or+6E=
  
  esbuild-linux-arm@0.13.15:
    version "0.13.15"
    resolved "http://npm.guazi-corp.com/esbuild-linux-arm/-/esbuild-linux-arm-0.13.15.tgz#8a00e99e6a0c6c9a6b7f334841364d8a2b4aecfe"
    integrity sha1-igDpnmoMbJprfzNIQTZNiitK7P4=
  
  esbuild-linux-mips64le@0.13.15:
    version "0.13.15"
    resolved "http://npm.guazi-corp.com/esbuild-linux-mips64le/-/esbuild-linux-mips64le-0.13.15.tgz#36b07cc47c3d21e48db3bb1f4d9ef8f46aead4f7"
    integrity sha1-NrB8xHw9IeSNs7sfTZ749Grq1Pc=
  
  esbuild-linux-ppc64le@0.13.15:
    version "0.13.15"
    resolved "http://npm.guazi-corp.com/esbuild-linux-ppc64le/-/esbuild-linux-ppc64le-0.13.15.tgz#f7e6bba40b9a11eb9dcae5b01550ea04670edad2"
    integrity sha1-9+a7pAuaEeudyuWwFVDqBGcO2tI=
  
  esbuild-netbsd-64@0.13.15:
    version "0.13.15"
    resolved "http://npm.guazi-corp.com/esbuild-netbsd-64/-/esbuild-netbsd-64-0.13.15.tgz#a2fedc549c2b629d580a732d840712b08d440038"
    integrity sha1-ov7cVJwrYp1YCnMthAcSsI1EADg=
  
  esbuild-openbsd-64@0.13.15:
    version "0.13.15"
    resolved "http://npm.guazi-corp.com/esbuild-openbsd-64/-/esbuild-openbsd-64-0.13.15.tgz#b22c0e5806d3a1fbf0325872037f885306b05cd7"
    integrity sha1-siwOWAbTofvwMlhyA3+IUwawXNc=
  
  esbuild-sunos-64@0.13.15:
    version "0.13.15"
    resolved "http://npm.guazi-corp.com/esbuild-sunos-64/-/esbuild-sunos-64-0.13.15.tgz#d0b6454a88375ee8d3964daeff55c85c91c7cef4"
    integrity sha1-0LZFSog3XujTlk2u/1XIXJHHzvQ=
  
  esbuild-windows-32@0.13.15:
    version "0.13.15"
    resolved "http://npm.guazi-corp.com/esbuild-windows-32/-/esbuild-windows-32-0.13.15.tgz#c96d0b9bbb52f3303322582ef8e4847c5ad375a7"
    integrity sha1-yW0Lm7tS8zAzIlgu+OSEfFrTdac=
  
  esbuild-windows-64@0.13.15:
    version "0.13.15"
    resolved "http://npm.guazi-corp.com/esbuild-windows-64/-/esbuild-windows-64-0.13.15.tgz#1f79cb9b1e1bb02fb25cd414cb90d4ea2892c294"
    integrity sha1-H3nLmx4bsC+yXNQUy5DU6iiSwpQ=
  
  esbuild-windows-arm64@0.13.15:
    version "0.13.15"
    resolved "http://npm.guazi-corp.com/esbuild-windows-arm64/-/esbuild-windows-arm64-0.13.15.tgz#482173070810df22a752c686509c370c3be3b3c3"
    integrity sha1-SCFzBwgQ3yKnUsaGUJw3DDvjs8M=
  
  esbuild@^0.13.12:
    version "0.13.15"
    resolved "http://npm.guazi-corp.com/esbuild/-/esbuild-0.13.15.tgz"
    integrity sha1-21aogWbuNz+H27LYeY/0SeBFDN8=
    optionalDependencies:
      esbuild-android-arm64 "0.13.15"
      esbuild-darwin-64 "0.13.15"
      esbuild-darwin-arm64 "0.13.15"
      esbuild-freebsd-64 "0.13.15"
      esbuild-freebsd-arm64 "0.13.15"
      esbuild-linux-32 "0.13.15"
      esbuild-linux-64 "0.13.15"
      esbuild-linux-arm "0.13.15"
      esbuild-linux-arm64 "0.13.15"
      esbuild-linux-mips64le "0.13.15"
      esbuild-linux-ppc64le "0.13.15"
      esbuild-netbsd-64 "0.13.15"
      esbuild-openbsd-64 "0.13.15"
      esbuild-sunos-64 "0.13.15"
      esbuild-windows-32 "0.13.15"
      esbuild-windows-64 "0.13.15"
      esbuild-windows-arm64 "0.13.15"
  
  escape-string-regexp@^1.0.5:
    version "1.0.5"
    resolved "http://npm.guazi-corp.com/escape-string-regexp/-/escape-string-regexp-1.0.5.tgz"
    integrity sha1-G2HAViGQqN/2rjuyzwIAyhMLhtQ=
  
  escape-string-regexp@^4.0.0:
    version "4.0.0"
    resolved "http://npm.guazi-corp.com/escape-string-regexp/-/escape-string-regexp-4.0.0.tgz"
    integrity sha1-FLqDpdNz49MR5a/KKc9b+tllvzQ=
  
  eslint-config-standard@^16.0.3:
    version "16.0.3"
    resolved "http://npm.guazi-corp.com/eslint-config-standard/-/eslint-config-standard-16.0.3.tgz"
    integrity sha1-bIdh5UTpbFMf+SZC7rh4QrhIhRY=
  
  eslint-import-resolver-node@^0.3.6:
    version "0.3.6"
    resolved "http://npm.guazi-corp.com/eslint-import-resolver-node/-/eslint-import-resolver-node-0.3.6.tgz"
    integrity sha1-QEi5WDldqJZoJSAB29nsprg7rL0=
    dependencies:
      debug "^3.2.7"
      resolve "^1.20.0"
  
  eslint-module-utils@^2.7.2:
    version "2.7.2"
    resolved "http://npm.guazi-corp.com/eslint-module-utils/-/eslint-module-utils-2.7.2.tgz"
    integrity sha512-zquepFnWCY2ISMFwD/DqzaM++H+7PDzOpUvotJWm/y1BAFt5R4oeULgdrTejKqLkz7MA/tgstsUMNYc7wNdTrg==
    dependencies:
      debug "^3.2.7"
      find-up "^2.1.0"
  
  eslint-plugin-es@^3.0.0:
    version "3.0.1"
    resolved "http://npm.guazi-corp.com/eslint-plugin-es/-/eslint-plugin-es-3.0.1.tgz"
    integrity sha1-dafN/czdwFiZNK7rOEF18iHFeJM=
    dependencies:
      eslint-utils "^2.0.0"
      regexpp "^3.0.0"
  
  eslint-plugin-import@^2.25.4:
    version "2.25.4"
    resolved "http://npm.guazi-corp.com/eslint-plugin-import/-/eslint-plugin-import-2.25.4.tgz"
    integrity sha512-/KJBASVFxpu0xg1kIBn9AUa8hQVnszpwgE7Ld0lKAlx7Ie87yzEzCgSkekt+le/YVhiaosO4Y14GDAOc41nfxA==
    dependencies:
      array-includes "^3.1.4"
      array.prototype.flat "^1.2.5"
      debug "^2.6.9"
      doctrine "^2.1.0"
      eslint-import-resolver-node "^0.3.6"
      eslint-module-utils "^2.7.2"
      has "^1.0.3"
      is-core-module "^2.8.0"
      is-glob "^4.0.3"
      minimatch "^3.0.4"
      object.values "^1.1.5"
      resolve "^1.20.0"
      tsconfig-paths "^3.12.0"
  
  eslint-plugin-node@^11.1.0:
    version "11.1.0"
    resolved "http://npm.guazi-corp.com/eslint-plugin-node/-/eslint-plugin-node-11.1.0.tgz"
    integrity sha1-yVVEQW7kraJnQKMEdO78VALcZx0=
    dependencies:
      eslint-plugin-es "^3.0.0"
      eslint-utils "^2.0.0"
      ignore "^5.1.1"
      minimatch "^3.0.4"
      resolve "^1.10.1"
      semver "^6.1.0"
  
  eslint-plugin-promise@^5.2.0:
    version "5.2.0"
    resolved "http://npm.guazi-corp.com/eslint-plugin-promise/-/eslint-plugin-promise-5.2.0.tgz"
    integrity sha512-SftLb1pUG01QYq2A/hGAWfDRXqYD82zE7j7TopDOyNdU+7SvvoXREls/+PRTY17vUXzXnZA/zfnyKgRH6x4JJw==
  
  eslint-plugin-vue@^8.3.0:
    version "8.3.0"
    resolved "http://npm.guazi-corp.com/eslint-plugin-vue/-/eslint-plugin-vue-8.3.0.tgz"
    integrity sha512-IIuLHw4vQxGlHcoP2dG6t/2OVdQf2qoyAzEGAxreU1afZOHGA7y3TWq8I+r3ZA6Wjs6xpeUWGHlT31QGr9Rb5g==
    dependencies:
      eslint-utils "^3.0.0"
      natural-compare "^1.4.0"
      semver "^7.3.5"
      vue-eslint-parser "^8.0.1"
  
  eslint-scope@^5.1.1:
    version "5.1.1"
    resolved "http://npm.guazi-corp.com/eslint-scope/-/eslint-scope-5.1.1.tgz"
    integrity sha1-54blmmbLkrP2wfsNUIqrF0hI9Iw=
    dependencies:
      esrecurse "^4.3.0"
      estraverse "^4.1.1"
  
  eslint-scope@^7.0.0:
    version "7.1.0"
    resolved "http://npm.guazi-corp.com/eslint-scope/-/eslint-scope-7.1.0.tgz"
    integrity sha1-wfbqMKxYMDHyA9Zcc+cjsBKY8VM=
    dependencies:
      esrecurse "^4.3.0"
      estraverse "^5.2.0"
  
  eslint-utils@^2.0.0, eslint-utils@^2.1.0:
    version "2.1.0"
    resolved "http://npm.guazi-corp.com/eslint-utils/-/eslint-utils-2.1.0.tgz"
    integrity sha1-0t5eA0JOcH3BDHQGjd7a5wh0Gyc=
    dependencies:
      eslint-visitor-keys "^1.1.0"
  
  eslint-utils@^3.0.0:
    version "3.0.0"
    resolved "http://npm.guazi-corp.com/eslint-utils/-/eslint-utils-3.0.0.tgz"
    integrity sha1-iuuvrOc0W7M1WdsKHxOh0tSMNnI=
    dependencies:
      eslint-visitor-keys "^2.0.0"
  
  eslint-visitor-keys@^1.1.0, eslint-visitor-keys@^1.3.0:
    version "1.3.0"
    resolved "http://npm.guazi-corp.com/eslint-visitor-keys/-/eslint-visitor-keys-1.3.0.tgz"
    integrity sha1-MOvR73wv3/AcOk8VEESvJfqwUj4=
  
  eslint-visitor-keys@^2.0.0:
    version "2.1.0"
    resolved "http://npm.guazi-corp.com/eslint-visitor-keys/-/eslint-visitor-keys-2.1.0.tgz"
    integrity sha1-9lMoJZMFknOSyTjtROsKXJsr0wM=
  
  eslint-visitor-keys@^3.0.0, eslint-visitor-keys@^3.1.0:
    version "3.2.0"
    resolved "http://npm.guazi-corp.com/eslint-visitor-keys/-/eslint-visitor-keys-3.2.0.tgz"
    integrity sha512-IOzT0X126zn7ALX0dwFiUQEdsfzrm4+ISsQS8nukaJXwEyYKRSnEIIDULYg1mCtGp7UUXgfGl7BIolXREQK+XQ==
  
  eslint@^7.26.0, eslint@^7.32.0:
    version "7.32.0"
    resolved "http://npm.guazi-corp.com/eslint/-/eslint-7.32.0.tgz"
    integrity sha1-xtMooUvj+wjI0dIeEsAv23oqgS0=
    dependencies:
      "@babel/code-frame" "7.12.11"
      "@eslint/eslintrc" "^0.4.3"
      "@humanwhocodes/config-array" "^0.5.0"
      ajv "^6.10.0"
      chalk "^4.0.0"
      cross-spawn "^7.0.2"
      debug "^4.0.1"
      doctrine "^3.0.0"
      enquirer "^2.3.5"
      escape-string-regexp "^4.0.0"
      eslint-scope "^5.1.1"
      eslint-utils "^2.1.0"
      eslint-visitor-keys "^2.0.0"
      espree "^7.3.1"
      esquery "^1.4.0"
      esutils "^2.0.2"
      fast-deep-equal "^3.1.3"
      file-entry-cache "^6.0.1"
      functional-red-black-tree "^1.0.1"
      glob-parent "^5.1.2"
      globals "^13.6.0"
      ignore "^4.0.6"
      import-fresh "^3.0.0"
      imurmurhash "^0.1.4"
      is-glob "^4.0.0"
      js-yaml "^3.13.1"
      json-stable-stringify-without-jsonify "^1.0.1"
      levn "^0.4.1"
      lodash.merge "^4.6.2"
      minimatch "^3.0.4"
      natural-compare "^1.4.0"
      optionator "^0.9.1"
      progress "^2.0.0"
      regexpp "^3.1.0"
      semver "^7.2.1"
      strip-ansi "^6.0.0"
      strip-json-comments "^3.1.0"
      table "^6.0.9"
      text-table "^0.2.0"
      v8-compile-cache "^2.0.3"
  
  espree@^7.3.0, espree@^7.3.1:
    version "7.3.1"
    resolved "http://npm.guazi-corp.com/espree/-/espree-7.3.1.tgz"
    integrity sha1-8t8zC3Usb1UBn4vYm3ZgA5wbu7Y=
    dependencies:
      acorn "^7.4.0"
      acorn-jsx "^5.3.1"
      eslint-visitor-keys "^1.3.0"
  
  espree@^9.0.0:
    version "9.3.0"
    resolved "http://npm.guazi-corp.com/espree/-/espree-9.3.0.tgz"
    integrity sha512-d/5nCsb0JcqsSEeQzFZ8DH1RmxPcglRWh24EFTlUEmCKoehXGdpsx0RkHDubqUI8LSAIKMQp4r9SzQ3n+sm4HQ==
    dependencies:
      acorn "^8.7.0"
      acorn-jsx "^5.3.1"
      eslint-visitor-keys "^3.1.0"
  
  esprima@^4.0.0:
    version "4.0.1"
    resolved "http://npm.guazi-corp.com/esprima/-/esprima-4.0.1.tgz"
    integrity sha1-E7BM2z5sXRnfkatph6hpVhmwqnE=
  
  esquery@^1.4.0:
    version "1.4.0"
    resolved "http://npm.guazi-corp.com/esquery/-/esquery-1.4.0.tgz"
    integrity sha1-IUj/w4uC6McFff7UhCWz5h8PJKU=
    dependencies:
      estraverse "^5.1.0"
  
  esrecurse@^4.3.0:
    version "4.3.0"
    resolved "http://npm.guazi-corp.com/esrecurse/-/esrecurse-4.3.0.tgz"
    integrity sha1-eteWTWeauyi+5yzsY3WLHF0smSE=
    dependencies:
      estraverse "^5.2.0"
  
  estraverse@^4.1.1:
    version "4.3.0"
    resolved "http://npm.guazi-corp.com/estraverse/-/estraverse-4.3.0.tgz"
    integrity sha1-OYrT88WiSUi+dyXoPRGn3ijNvR0=
  
  estraverse@^5.1.0, estraverse@^5.2.0:
    version "5.3.0"
    resolved "http://npm.guazi-corp.com/estraverse/-/estraverse-5.3.0.tgz"
    integrity sha1-LupSkHAvJquP5TcDcP+GyWXSESM=
  
  estree-walker@^2.0.1, estree-walker@^2.0.2:
    version "2.0.2"
    resolved "http://npm.guazi-corp.com/estree-walker/-/estree-walker-2.0.2.tgz"
    integrity sha1-UvAQF4wqTBF6d1fP6UKtt9LaTKw=
  
  esutils@^2.0.2:
    version "2.0.3"
    resolved "http://npm.guazi-corp.com/esutils/-/esutils-2.0.3.tgz"
    integrity sha1-dNLrTeC42hKTcRkQ1Qd1ubcQ72Q=
  
  execa@^5.1.1:
    version "5.1.1"
    resolved "http://npm.guazi-corp.com/execa/-/execa-5.1.1.tgz#f80ad9cbf4298f7bd1d4c9555c21e93741c411dd"
    integrity sha1-+ArZy/Qpj3vR1MlVXCHpN0HEEd0=
    dependencies:
      cross-spawn "^7.0.3"
      get-stream "^6.0.0"
      human-signals "^2.1.0"
      is-stream "^2.0.0"
      merge-stream "^2.0.0"
      npm-run-path "^4.0.1"
      onetime "^5.1.2"
      signal-exit "^3.0.3"
      strip-final-newline "^2.0.0"
  
  fast-deep-equal@^3.1.1, fast-deep-equal@^3.1.3:
    version "3.1.3"
    resolved "http://npm.guazi-corp.com/fast-deep-equal/-/fast-deep-equal-3.1.3.tgz"
    integrity sha1-On1WtVnWy8PrUSMlJE5hmmXGxSU=
  
  fast-glob@^3.2.9:
    version "3.2.11"
    resolved "http://npm.guazi-corp.com/fast-glob/-/fast-glob-3.2.11.tgz"
    integrity sha512-xrO3+1bxSo3ZVHAnqzyuewYT6aMFHRAd4Kcs92MAonjwQZLsK9d0SF1IyQ3k5PoirxTW0Oe/RqFgMQ6TcNE5Ew==
    dependencies:
      "@nodelib/fs.stat" "^2.0.2"
      "@nodelib/fs.walk" "^1.2.3"
      glob-parent "^5.1.2"
      merge2 "^1.3.0"
      micromatch "^4.0.4"
  
  fast-json-stable-stringify@^2.0.0:
    version "2.1.0"
    resolved "http://npm.guazi-corp.com/fast-json-stable-stringify/-/fast-json-stable-stringify-2.1.0.tgz"
    integrity sha1-h0v2nG9ATCtdmcSBNBOZ/VWJJjM=
  
  fast-levenshtein@^2.0.6:
    version "2.0.6"
    resolved "http://npm.guazi-corp.com/fast-levenshtein/-/fast-levenshtein-2.0.6.tgz"
    integrity sha1-PYpcZog6FqMMqGQ+hR8Zuqd5eRc=
  
  fastq@^1.6.0:
    version "1.13.0"
    resolved "http://npm.guazi-corp.com/fastq/-/fastq-1.13.0.tgz"
    integrity sha1-YWdg+Ip1Jr38WWt8q4wYk4w2uYw=
    dependencies:
      reusify "^1.0.4"
  
  file-entry-cache@^6.0.1:
    version "6.0.1"
    resolved "http://npm.guazi-corp.com/file-entry-cache/-/file-entry-cache-6.0.1.tgz"
    integrity sha1-IRst2WWcsDlLBz5zI6w8kz1SICc=
    dependencies:
      flat-cache "^3.0.4"
  
  fill-range@^7.0.1:
    version "7.0.1"
    resolved "http://npm.guazi-corp.com/fill-range/-/fill-range-7.0.1.tgz"
    integrity sha1-GRmmp8df44ssfHflGYU12prN2kA=
    dependencies:
      to-regex-range "^5.0.1"
  
  find-up@^2.1.0:
    version "2.1.0"
    resolved "http://npm.guazi-corp.com/find-up/-/find-up-2.1.0.tgz"
    integrity sha1-RdG35QbHF93UgndaK3eSCjwMV6c=
    dependencies:
      locate-path "^2.0.0"
  
  flat-cache@^3.0.4:
    version "3.0.4"
    resolved "http://npm.guazi-corp.com/flat-cache/-/flat-cache-3.0.4.tgz"
    integrity sha1-YbAzgwKy/p+Vfcwy/CqH8cMEixE=
    dependencies:
      flatted "^3.1.0"
      rimraf "^3.0.2"
  
  flatted@^3.1.0:
    version "3.2.4"
    resolved "http://npm.guazi-corp.com/flatted/-/flatted-3.2.4.tgz"
    integrity sha1-KNmWnqkGYbUTQlnzEqtqp5KaxeI=
  
  fs.realpath@^1.0.0:
    version "1.0.0"
    resolved "http://npm.guazi-corp.com/fs.realpath/-/fs.realpath-1.0.0.tgz"
    integrity sha1-FQStJSMVjKpA20onh8sBQRmU6k8=
  
  fsevents@~2.3.2:
    version "2.3.2"
    resolved "http://npm.guazi-corp.com/fsevents/-/fsevents-2.3.2.tgz"
    integrity sha1-ilJveLj99GI7cJ4Ll1xSwkwC/Ro=
  
  function-bind@^1.1.1:
    version "1.1.1"
    resolved "http://npm.guazi-corp.com/function-bind/-/function-bind-1.1.1.tgz"
    integrity sha1-pWiZ0+o8m6uHS7l3O3xe3pL0iV0=
  
  functional-red-black-tree@^1.0.1:
    version "1.0.1"
    resolved "http://npm.guazi-corp.com/functional-red-black-tree/-/functional-red-black-tree-1.0.1.tgz"
    integrity sha1-GwqzvVU7Kg1jmdKcDj6gslIHgyc=
  
  get-intrinsic@^1.0.2, get-intrinsic@^1.1.0, get-intrinsic@^1.1.1:
    version "1.1.1"
    resolved "http://npm.guazi-corp.com/get-intrinsic/-/get-intrinsic-1.1.1.tgz"
    integrity sha1-FfWfN2+FXERpY5SPDSTNNje0q8Y=
    dependencies:
      function-bind "^1.1.1"
      has "^1.0.3"
      has-symbols "^1.0.1"
  
  get-stream@^6.0.0:
    version "6.0.1"
    resolved "http://npm.guazi-corp.com/get-stream/-/get-stream-6.0.1.tgz#a262d8eef67aced57c2852ad6167526a43cbf7b7"
    integrity sha1-omLY7vZ6ztV8KFKtYWdSakPL97c=
  
  get-symbol-description@^1.0.0:
    version "1.0.0"
    resolved "http://npm.guazi-corp.com/get-symbol-description/-/get-symbol-description-1.0.0.tgz"
    integrity sha1-f9uByQAQH71WTdXxowr1qtweWNY=
    dependencies:
      call-bind "^1.0.2"
      get-intrinsic "^1.1.1"
  
  glob-parent@^5.1.2:
    version "5.1.2"
    resolved "http://npm.guazi-corp.com/glob-parent/-/glob-parent-5.1.2.tgz"
    integrity sha1-hpgyxYA0/mikCTwX3BXoNA2EAcQ=
    dependencies:
      is-glob "^4.0.1"
  
  glob@^7.1.3:
    version "7.2.0"
    resolved "http://npm.guazi-corp.com/glob/-/glob-7.2.0.tgz"
    integrity sha1-0VU1r3cy4C6Uj0xBYovZECk/YCM=
    dependencies:
      fs.realpath "^1.0.0"
      inflight "^1.0.4"
      inherits "2"
      minimatch "^3.0.4"
      once "^1.3.0"
      path-is-absolute "^1.0.0"
  
  globals@^13.6.0, globals@^13.9.0:
    version "13.12.0"
    resolved "http://npm.guazi-corp.com/globals/-/globals-13.12.0.tgz"
    integrity sha1-TXM3YDBCMKAILtluIeXFZfiYCJ4=
    dependencies:
      type-fest "^0.20.2"
  
  globby@^11.0.4:
    version "11.1.0"
    resolved "http://npm.guazi-corp.com/globby/-/globby-11.1.0.tgz"
    integrity sha512-jhIXaOzy1sb8IyocaruWSn1TjmnBVs8Ayhcy83rmxNJ8q2uWKCAj3CnJY+KpGSXCueAPc0i05kVvVKtP1t9S3g==
    dependencies:
      array-union "^2.1.0"
      dir-glob "^3.0.1"
      fast-glob "^3.2.9"
      ignore "^5.2.0"
      merge2 "^1.4.1"
      slash "^3.0.0"
  
  has-bigints@^1.0.1:
    version "1.0.1"
    resolved "http://npm.guazi-corp.com/has-bigints/-/has-bigints-1.0.1.tgz"
    integrity sha1-ZP5qywIGc+O3jbA1pa9pqp0HsRM=
  
  has-flag@^3.0.0:
    version "3.0.0"
    resolved "http://npm.guazi-corp.com/has-flag/-/has-flag-3.0.0.tgz"
    integrity sha1-tdRU3CGZriJWmfNGfloH87lVuv0=
  
  has-flag@^4.0.0:
    version "4.0.0"
    resolved "http://npm.guazi-corp.com/has-flag/-/has-flag-4.0.0.tgz"
    integrity sha1-lEdx/ZyByBJlxNaUGGDaBrtZR5s=
  
  has-symbols@^1.0.1, has-symbols@^1.0.2:
    version "1.0.2"
    resolved "http://npm.guazi-corp.com/has-symbols/-/has-symbols-1.0.2.tgz"
    integrity sha1-Fl0wcMADCXUqEjakeTMeOsVvFCM=
  
  has-tostringtag@^1.0.0:
    version "1.0.0"
    resolved "http://npm.guazi-corp.com/has-tostringtag/-/has-tostringtag-1.0.0.tgz"
    integrity sha1-fhM4GKfTlHNPlB5zw9P5KR5liyU=
    dependencies:
      has-symbols "^1.0.2"
  
  has@^1.0.3:
    version "1.0.3"
    resolved "http://npm.guazi-corp.com/has/-/has-1.0.3.tgz"
    integrity sha1-ci18v8H2qoJB8W3YFOAR4fQeh5Y=
    dependencies:
      function-bind "^1.1.1"
  
  htmlparser2@^7.1.2:
    version "7.2.0"
    resolved "http://npm.guazi-corp.com/htmlparser2/-/htmlparser2-7.2.0.tgz"
    integrity sha1-iBfN6ji7wyQ5KpCxmQkI6Bpl9aU=
    dependencies:
      domelementtype "^2.0.1"
      domhandler "^4.2.2"
      domutils "^2.8.0"
      entities "^3.0.1"
  
  human-signals@^2.1.0:
    version "2.1.0"
    resolved "http://npm.guazi-corp.com/human-signals/-/human-signals-2.1.0.tgz#dc91fcba42e4d06e4abaed33b3e7a3c02f514ea0"
    integrity sha1-3JH8ukLk0G5Kuu0zs+ejwC9RTqA=
  
  husky@>=6:
    version "7.0.4"
    resolved "http://npm.guazi-corp.com/husky/-/husky-7.0.4.tgz#242048245dc49c8fb1bf0cc7cfb98dd722531535"
    integrity sha1-JCBIJF3EnI+xvwzHz7mN1yJTFTU=
  
  ignore@^4.0.6:
    version "4.0.6"
    resolved "http://npm.guazi-corp.com/ignore/-/ignore-4.0.6.tgz"
    integrity sha1-dQ49tYYgh7RzfrrIIH/9HvJ7Jfw=
  
  ignore@^5.1.1, ignore@^5.1.8, ignore@^5.2.0:
    version "5.2.0"
    resolved "http://npm.guazi-corp.com/ignore/-/ignore-5.2.0.tgz"
    integrity sha512-CmxgYGiEPCLhfLnpPp1MoRmifwEIOgjcHXxOBjv7mY96c+eWScsOP9c112ZyLdWHi0FxHjI+4uVhKYp/gcdRmQ==
  
  import-fresh@^3.0.0, import-fresh@^3.2.1:
    version "3.3.0"
    resolved "http://npm.guazi-corp.com/import-fresh/-/import-fresh-3.3.0.tgz"
    integrity sha1-NxYsJfy566oublPVtNiM4X2eDCs=
    dependencies:
      parent-module "^1.0.0"
      resolve-from "^4.0.0"
  
  imurmurhash@^0.1.4:
    version "0.1.4"
    resolved "http://npm.guazi-corp.com/imurmurhash/-/imurmurhash-0.1.4.tgz"
    integrity sha1-khi5srkoojixPcT7a21XbyMUU+o=
  
  indent-string@^4.0.0:
    version "4.0.0"
    resolved "http://npm.guazi-corp.com/indent-string/-/indent-string-4.0.0.tgz#624f8f4497d619b2d9768531d58f4122854d7251"
    integrity sha1-Yk+PRJfWGbLZdoUx1Y9BIoVNclE=
  
  inflight@^1.0.4:
    version "1.0.6"
    resolved "http://npm.guazi-corp.com/inflight/-/inflight-1.0.6.tgz"
    integrity sha1-Sb1jMdfQLQwJvJEKEHW6gWW1bfk=
    dependencies:
      once "^1.3.0"
      wrappy "1"
  
  inherits@2:
    version "2.0.4"
    resolved "http://npm.guazi-corp.com/inherits/-/inherits-2.0.4.tgz"
    integrity sha1-D6LGT5MpF8NDOg3tVTY6rjdBa3w=
  
  internal-slot@^1.0.3:
    version "1.0.3"
    resolved "http://npm.guazi-corp.com/internal-slot/-/internal-slot-1.0.3.tgz"
    integrity sha1-c0fjB97uovqsKsYgXUvH00ln9Zw=
    dependencies:
      get-intrinsic "^1.1.0"
      has "^1.0.3"
      side-channel "^1.0.4"
  
  is-bigint@^1.0.1:
    version "1.0.4"
    resolved "http://npm.guazi-corp.com/is-bigint/-/is-bigint-1.0.4.tgz"
    integrity sha1-CBR6GHW8KzIAXUHM2Ckd/8ZpHfM=
    dependencies:
      has-bigints "^1.0.1"
  
  is-boolean-object@^1.1.0:
    version "1.1.2"
    resolved "http://npm.guazi-corp.com/is-boolean-object/-/is-boolean-object-1.1.2.tgz"
    integrity sha1-XG3CACRt2TIa5LiFoRS7H3X2Nxk=
    dependencies:
      call-bind "^1.0.2"
      has-tostringtag "^1.0.0"
  
  is-callable@^1.1.4, is-callable@^1.2.4:
    version "1.2.4"
    resolved "http://npm.guazi-corp.com/is-callable/-/is-callable-1.2.4.tgz"
    integrity sha1-RzAdWN0CWUB4ZVR4U99tYf5HGUU=
  
  is-core-module@^2.8.0, is-core-module@^2.8.1:
    version "2.8.1"
    resolved "http://npm.guazi-corp.com/is-core-module/-/is-core-module-2.8.1.tgz"
    integrity sha512-SdNCUs284hr40hFTFP6l0IfZ/RSrMXF3qgoRHd3/79unUTvrFO/JoXwkGm+5J/Oe3E/b5GsnG330uUNgRpu1PA==
    dependencies:
      has "^1.0.3"
  
  is-date-object@^1.0.1:
    version "1.0.5"
    resolved "http://npm.guazi-corp.com/is-date-object/-/is-date-object-1.0.5.tgz"
    integrity sha1-CEHVU25yTCVZe/bqYuG9OCmN8x8=
    dependencies:
      has-tostringtag "^1.0.0"
  
  is-expression@^4.0.0:
    version "4.0.0"
    resolved "http://npm.guazi-corp.com/is-expression/-/is-expression-4.0.0.tgz"
    integrity sha1-wzFVliq/IdCv0lUlFNZ9LsFv0qs=
    dependencies:
      acorn "^7.1.1"
      object-assign "^4.1.1"
  
  is-extglob@^2.1.1:
    version "2.1.1"
    resolved "http://npm.guazi-corp.com/is-extglob/-/is-extglob-2.1.1.tgz"
    integrity sha1-qIwCU1eR8C7TfHahueqXc8gz+MI=
  
  is-fullwidth-code-point@^3.0.0:
    version "3.0.0"
    resolved "http://npm.guazi-corp.com/is-fullwidth-code-point/-/is-fullwidth-code-point-3.0.0.tgz"
    integrity sha1-8Rb4Bk/pCz94RKOJl8C3UFEmnx0=
  
  is-fullwidth-code-point@^4.0.0:
    version "4.0.0"
    resolved "http://npm.guazi-corp.com/is-fullwidth-code-point/-/is-fullwidth-code-point-4.0.0.tgz#fae3167c729e7463f8461ce512b080a49268aa88"
    integrity sha1-+uMWfHKedGP4RhzlErCApJJoqog=
  
  is-glob@^4.0.0, is-glob@^4.0.1, is-glob@^4.0.3:
    version "4.0.3"
    resolved "http://npm.guazi-corp.com/is-glob/-/is-glob-4.0.3.tgz"
    integrity sha1-ZPYeQsu7LuwgcanawLKLoeZdUIQ=
    dependencies:
      is-extglob "^2.1.1"
  
  is-negative-zero@^2.0.1:
    version "2.0.2"
    resolved "http://npm.guazi-corp.com/is-negative-zero/-/is-negative-zero-2.0.2.tgz"
    integrity sha512-dqJvarLawXsFbNDeJW7zAz8ItJ9cd28YufuuFzh0G8pNHjJMnY08Dv7sYX2uF5UpQOwieAeOExEYAWWfu7ZZUA==
  
  is-number-object@^1.0.4:
    version "1.0.6"
    resolved "http://npm.guazi-corp.com/is-number-object/-/is-number-object-1.0.6.tgz"
    integrity sha1-anqvg4x/BoalC0VT9+VKlklOifA=
    dependencies:
      has-tostringtag "^1.0.0"
  
  is-number@^7.0.0:
    version "7.0.0"
    resolved "http://npm.guazi-corp.com/is-number/-/is-number-7.0.0.tgz"
    integrity sha1-dTU0W4lnNNX4DE0GxQlVUnoU8Ss=
  
  is-promise@^2.0.0:
    version "2.2.2"
    resolved "http://npm.guazi-corp.com/is-promise/-/is-promise-2.2.2.tgz"
    integrity sha1-OauVnMv5p3TPB597QMeib3YxNfE=
  
  is-regex@^1.0.3, is-regex@^1.1.4:
    version "1.1.4"
    resolved "http://npm.guazi-corp.com/is-regex/-/is-regex-1.1.4.tgz"
    integrity sha1-7vVmPNWfpMCuM5UFMj32hUuxWVg=
    dependencies:
      call-bind "^1.0.2"
      has-tostringtag "^1.0.0"
  
  is-shared-array-buffer@^1.0.1:
    version "1.0.1"
    resolved "http://npm.guazi-corp.com/is-shared-array-buffer/-/is-shared-array-buffer-1.0.1.tgz"
    integrity sha1-l7DIX72stZycRG/mU7gs8rW3z+Y=
  
  is-stream@^2.0.0:
    version "2.0.1"
    resolved "http://npm.guazi-corp.com/is-stream/-/is-stream-2.0.1.tgz#fac1e3d53b97ad5a9d0ae9cef2389f5810a5c077"
    integrity sha1-+sHj1TuXrVqdCunO8jifWBClwHc=
  
  is-string@^1.0.5, is-string@^1.0.7:
    version "1.0.7"
    resolved "http://npm.guazi-corp.com/is-string/-/is-string-1.0.7.tgz"
    integrity sha1-DdEr8gBvJVu1j2lREO/3SR7rwP0=
    dependencies:
      has-tostringtag "^1.0.0"
  
  is-symbol@^1.0.2, is-symbol@^1.0.3:
    version "1.0.4"
    resolved "http://npm.guazi-corp.com/is-symbol/-/is-symbol-1.0.4.tgz"
    integrity sha1-ptrJO2NbBjymhyI23oiRClevE5w=
    dependencies:
      has-symbols "^1.0.2"
  
  is-weakref@^1.0.1:
    version "1.0.2"
    resolved "http://npm.guazi-corp.com/is-weakref/-/is-weakref-1.0.2.tgz"
    integrity sha512-qctsuLZmIQ0+vSSMfoVvyFe2+GSEvnmZ2ezTup1SBse9+twCCeial6EEi3Nc2KFcf6+qz2FBPnjXsk8xhKSaPQ==
    dependencies:
      call-bind "^1.0.2"
  
  isexe@^2.0.0:
    version "2.0.0"
    resolved "http://npm.guazi-corp.com/isexe/-/isexe-2.0.0.tgz"
    integrity sha1-6PvzdNxVb/iUehDcsFctYz8s+hA=
  
  js-stringify@^1.0.2:
    version "1.0.2"
    resolved "http://npm.guazi-corp.com/js-stringify/-/js-stringify-1.0.2.tgz"
    integrity sha1-Fzb939lyTyijaCrcYjCufk6Weds=
  
  js-tokens@^4.0.0:
    version "4.0.0"
    resolved "http://npm.guazi-corp.com/js-tokens/-/js-tokens-4.0.0.tgz"
    integrity sha1-GSA/tZmR35jjoocFDUZHzerzJJk=
  
  js-yaml@^3.13.1:
    version "3.14.1"
    resolved "http://npm.guazi-corp.com/js-yaml/-/js-yaml-3.14.1.tgz"
    integrity sha1-2ugS/bOCX6MGYJqHFzg8UMNqBTc=
    dependencies:
      argparse "^1.0.7"
      esprima "^4.0.0"
  
  json-schema-traverse@^0.4.1:
    version "0.4.1"
    resolved "http://npm.guazi-corp.com/json-schema-traverse/-/json-schema-traverse-0.4.1.tgz"
    integrity sha1-afaofZUTq4u4/mO9sJecRI5oRmA=
  
  json-schema-traverse@^1.0.0:
    version "1.0.0"
    resolved "http://npm.guazi-corp.com/json-schema-traverse/-/json-schema-traverse-1.0.0.tgz"
    integrity sha1-rnvLNlard6c7pcSb9lTzjmtoYOI=
  
  json-stable-stringify-without-jsonify@^1.0.1:
    version "1.0.1"
    resolved "http://npm.guazi-corp.com/json-stable-stringify-without-jsonify/-/json-stable-stringify-without-jsonify-1.0.1.tgz"
    integrity sha1-nbe1lJatPzz+8wp1FC0tkwrXJlE=
  
  json5@^1.0.1:
    version "1.0.1"
    resolved "http://npm.guazi-corp.com/json5/-/json5-1.0.1.tgz"
    integrity sha1-d5+wAYYE+oVOrL9iUhgNg1Q+Pb4=
    dependencies:
      minimist "^1.2.0"
  
  jsonc-parser@^2.3.0:
    version "2.3.1"
    resolved "http://npm.guazi-corp.com/jsonc-parser/-/jsonc-parser-2.3.1.tgz"
    integrity sha1-WVSRULEz8u+sykj+nOHsBlmvI0I=
  
  jsonc-parser@^3.0.0:
    version "3.0.0"
    resolved "http://npm.guazi-corp.com/jsonc-parser/-/jsonc-parser-3.0.0.tgz"
    integrity sha1-q914VwHH5+rKip7IzwcMpRp0WiI=
  
  jstransformer@1.0.0:
    version "1.0.0"
    resolved "http://npm.guazi-corp.com/jstransformer/-/jstransformer-1.0.0.tgz"
    integrity sha1-7Yvwkh4vPx7U1cGkT2hwntJHIsM=
    dependencies:
      is-promise "^2.0.0"
      promise "^7.0.1"
  
  levn@^0.4.1:
    version "0.4.1"
    resolved "http://npm.guazi-corp.com/levn/-/levn-0.4.1.tgz"
    integrity sha1-rkViwAdHO5MqYgDUAyaN0v/8at4=
    dependencies:
      prelude-ls "^1.2.1"
      type-check "~0.4.0"
  
  lilconfig@2.0.4:
    version "2.0.4"
    resolved "http://npm.guazi-corp.com/lilconfig/-/lilconfig-2.0.4.tgz#f4507d043d7058b380b6a8f5cb7bcd4b34cee082"
    integrity sha1-9FB9BD1wWLOAtqj1y3vNSzTO4II=
  
  lint-staged@>=10:
    version "12.2.2"
    resolved "http://npm.guazi-corp.com/lint-staged/-/lint-staged-12.2.2.tgz#e03d93b41092316e0f38b37c9630da807aae3cca"
    integrity sha512-bcHEoM1M/f+K1BYdHcEuIn8K+zMOSJR3mkny6PAuQiTgcSUcRbUWaUD6porAYypxF4k1vYZZ2HutZt1p94Z1jQ==
    dependencies:
      cli-truncate "^3.1.0"
      colorette "^2.0.16"
      commander "^8.3.0"
      debug "^4.3.3"
      execa "^5.1.1"
      lilconfig "2.0.4"
      listr2 "^3.13.5"
      micromatch "^4.0.4"
      normalize-path "^3.0.0"
      object-inspect "^1.11.1"
      string-argv "^0.3.1"
      supports-color "^9.2.1"
      yaml "^1.10.2"
  
  listr2@^3.13.5:
    version "3.14.0"
    resolved "http://npm.guazi-corp.com/listr2/-/listr2-3.14.0.tgz#23101cc62e1375fd5836b248276d1d2b51fdbe9e"
    integrity sha512-TyWI8G99GX9GjE54cJ+RrNMcIFBfwMPxc3XTFiAYGN4s10hWROGtOg7+O6u6LE3mNkyld7RSLE6nrKBvTfcs3g==
    dependencies:
      cli-truncate "^2.1.0"
      colorette "^2.0.16"
      log-update "^4.0.0"
      p-map "^4.0.0"
      rfdc "^1.3.0"
      rxjs "^7.5.1"
      through "^2.3.8"
      wrap-ansi "^7.0.0"
  
  locate-path@^2.0.0:
    version "2.0.0"
    resolved "http://npm.guazi-corp.com/locate-path/-/locate-path-2.0.0.tgz"
    integrity sha1-K1aLJl7slExtnA3pw9u7ygNUzY4=
    dependencies:
      p-locate "^2.0.0"
      path-exists "^3.0.0"
  
  lodash.merge@^4.6.2:
    version "4.6.2"
    resolved "http://npm.guazi-corp.com/lodash.merge/-/lodash.merge-4.6.2.tgz"
    integrity sha1-VYqlO0O2YeGSWgr9+japoQhf5Xo=
  
  lodash.truncate@^4.4.2:
    version "4.4.2"
    resolved "http://npm.guazi-corp.com/lodash.truncate/-/lodash.truncate-4.4.2.tgz"
    integrity sha1-WjUNoLERO4N+z//VgSy+WNbq4ZM=
  
  lodash@^4.17.21:
    version "4.17.21"
    resolved "http://npm.guazi-corp.com/lodash/-/lodash-4.17.21.tgz"
    integrity sha1-Z5WRxWTDv/quhFTPCz3zcMPWkRw=
  
  log-update@^4.0.0:
    version "4.0.0"
    resolved "http://npm.guazi-corp.com/log-update/-/log-update-4.0.0.tgz#589ecd352471f2a1c0c570287543a64dfd20e0a1"
    integrity sha1-WJ7NNSRx8qHAxXAodUOmTf0g4KE=
    dependencies:
      ansi-escapes "^4.3.0"
      cli-cursor "^3.1.0"
      slice-ansi "^4.0.0"
      wrap-ansi "^6.2.0"
  
  lru-cache@^6.0.0:
    version "6.0.0"
    resolved "http://npm.guazi-corp.com/lru-cache/-/lru-cache-6.0.0.tgz"
    integrity sha1-bW/mVw69lqr5D8rR2vo7JWbbOpQ=
    dependencies:
      yallist "^4.0.0"
  
  magic-string@^0.25.7:
    version "0.25.7"
    resolved "http://npm.guazi-corp.com/magic-string/-/magic-string-0.25.7.tgz"
    integrity sha1-P0l9b9NMZpxnmNy4IfLvMfVEUFE=
    dependencies:
      sourcemap-codec "^1.4.4"
  
  merge-stream@^2.0.0:
    version "2.0.0"
    resolved "http://npm.guazi-corp.com/merge-stream/-/merge-stream-2.0.0.tgz#52823629a14dd00c9770fb6ad47dc6310f2c1f60"
    integrity sha1-UoI2KaFN0AyXcPtq1H3GMQ8sH2A=
  
  merge2@^1.3.0, merge2@^1.4.1:
    version "1.4.1"
    resolved "http://npm.guazi-corp.com/merge2/-/merge2-1.4.1.tgz"
    integrity sha1-Q2iJL4hekHRVpv19xVwMnUBJkK4=
  
  micromatch@^4.0.4:
    version "4.0.4"
    resolved "http://npm.guazi-corp.com/micromatch/-/micromatch-4.0.4.tgz"
    integrity sha1-iW1Rnf6dsl/OlM63pQCRm/iB6/k=
    dependencies:
      braces "^3.0.1"
      picomatch "^2.2.3"
  
  mimic-fn@^2.1.0:
    version "2.1.0"
    resolved "http://npm.guazi-corp.com/mimic-fn/-/mimic-fn-2.1.0.tgz#7ed2c2ccccaf84d3ffcb7a69b57711fc2083401b"
    integrity sha1-ftLCzMyvhNP/y3pptXcR/CCDQBs=
  
  minimatch@^3.0.4:
    version "3.0.4"
    resolved "http://npm.guazi-corp.com/minimatch/-/minimatch-3.0.4.tgz"
    integrity sha1-UWbihkV/AzBgZL5Ul+jbsMPTIIM=
    dependencies:
      brace-expansion "^1.1.7"
  
  minimist@^1.2.0:
    version "1.2.5"
    resolved "http://npm.guazi-corp.com/minimist/-/minimist-1.2.5.tgz"
    integrity sha1-Z9ZgFLZqaoqqDAg8X9WN9OTpdgI=
  
  ms@2.0.0:
    version "2.0.0"
    resolved "http://npm.guazi-corp.com/ms/-/ms-2.0.0.tgz"
    integrity sha1-VgiurfwAvmwpAd9fmGF4jeDVl8g=
  
  ms@2.1.2, ms@^2.1.1:
    version "2.1.2"
    resolved "http://npm.guazi-corp.com/ms/-/ms-2.1.2.tgz"
    integrity sha1-0J0fNXtEP0kzgqjrPM0YOHKuYAk=
  
  nanoid@^3.1.30:
    version "3.2.0"
    resolved "http://npm.guazi-corp.com/nanoid/-/nanoid-3.2.0.tgz"
    integrity sha512-fmsZYa9lpn69Ad5eDn7FMcnnSR+8R34W9qJEijxYhTbfOWzr22n1QxCMzXLK+ODyW2973V3Fux959iQoUxzUIA==
  
  natural-compare@^1.4.0:
    version "1.4.0"
    resolved "http://npm.guazi-corp.com/natural-compare/-/natural-compare-1.4.0.tgz"
    integrity sha1-Sr6/7tdUHywnrPspvbvRXI1bpPc=
  
  normalize-path@^3.0.0:
    version "3.0.0"
    resolved "http://npm.guazi-corp.com/normalize-path/-/normalize-path-3.0.0.tgz#0dcd69ff23a1c9b11fd0978316644a0388216a65"
    integrity sha1-Dc1p/yOhybEf0JeDFmRKA4ghamU=
  
  npm-run-path@^4.0.1:
    version "4.0.1"
    resolved "http://npm.guazi-corp.com/npm-run-path/-/npm-run-path-4.0.1.tgz#b7ecd1e5ed53da8e37a55e1c2269e0b97ed748ea"
    integrity sha1-t+zR5e1T2o43pV4cImnguX7XSOo=
    dependencies:
      path-key "^3.0.0"
  
  object-assign@^4.1.1:
    version "4.1.1"
    resolved "http://npm.guazi-corp.com/object-assign/-/object-assign-4.1.1.tgz"
    integrity sha1-IQmtx5ZYh8/AXLvUQsrIv7s2CGM=
  
  object-inspect@^1.11.0, object-inspect@^1.11.1, object-inspect@^1.9.0:
    version "1.12.0"
    resolved "http://npm.guazi-corp.com/object-inspect/-/object-inspect-1.12.0.tgz"
    integrity sha512-Ho2z80bVIvJloH+YzRmpZVQe87+qASmBUKZDWgx9cu+KDrX2ZDH/3tMy+gXbZETVGs2M8YdxObOh7XAtim9Y0g==
  
  object-keys@^1.0.12, object-keys@^1.1.1:
    version "1.1.1"
    resolved "http://npm.guazi-corp.com/object-keys/-/object-keys-1.1.1.tgz"
    integrity sha1-HEfyct8nfzsdrwYWd9nILiMixg4=
  
  object.assign@^4.1.2:
    version "4.1.2"
    resolved "http://npm.guazi-corp.com/object.assign/-/object.assign-4.1.2.tgz"
    integrity sha1-DtVKNC7Os3s4/3brgxoOeIy2OUA=
    dependencies:
      call-bind "^1.0.0"
      define-properties "^1.1.3"
      has-symbols "^1.0.1"
      object-keys "^1.1.1"
  
  object.values@^1.1.5:
    version "1.1.5"
    resolved "http://npm.guazi-corp.com/object.values/-/object.values-1.1.5.tgz"
    integrity sha1-lZ9j486e8QhyAzMIITHkpFm3Fqw=
    dependencies:
      call-bind "^1.0.2"
      define-properties "^1.1.3"
      es-abstract "^1.19.1"
  
  once@^1.3.0:
    version "1.4.0"
    resolved "http://npm.guazi-corp.com/once/-/once-1.4.0.tgz"
    integrity sha1-WDsap3WWHUsROsF9nFC6753Xa9E=
    dependencies:
      wrappy "1"
  
  onetime@^5.1.0, onetime@^5.1.2:
    version "5.1.2"
    resolved "http://npm.guazi-corp.com/onetime/-/onetime-5.1.2.tgz#d0e96ebb56b07476df1dd9c4806e5237985ca45e"
    integrity sha1-0Oluu1awdHbfHdnEgG5SN5hcpF4=
    dependencies:
      mimic-fn "^2.1.0"
  
  optionator@^0.9.1:
    version "0.9.1"
    resolved "http://npm.guazi-corp.com/optionator/-/optionator-0.9.1.tgz"
    integrity sha1-TyNqY3Pa4FZqbUPhMmZ09QwpFJk=
    dependencies:
      deep-is "^0.1.3"
      fast-levenshtein "^2.0.6"
      levn "^0.4.1"
      prelude-ls "^1.2.1"
      type-check "^0.4.0"
      word-wrap "^1.2.3"
  
  p-limit@^1.1.0:
    version "1.3.0"
    resolved "http://npm.guazi-corp.com/p-limit/-/p-limit-1.3.0.tgz"
    integrity sha1-uGvV8MJWkJEcdZD8v8IBDVSzzLg=
    dependencies:
      p-try "^1.0.0"
  
  p-locate@^2.0.0:
    version "2.0.0"
    resolved "http://npm.guazi-corp.com/p-locate/-/p-locate-2.0.0.tgz"
    integrity sha1-IKAQOyIqcMj9OcwuWAaA893l7EM=
    dependencies:
      p-limit "^1.1.0"
  
  p-map@^4.0.0:
    version "4.0.0"
    resolved "http://npm.guazi-corp.com/p-map/-/p-map-4.0.0.tgz#bb2f95a5eda2ec168ec9274e06a747c3e2904d2b"
    integrity sha1-uy+Vpe2i7BaOySdOBqdHw+KQTSs=
    dependencies:
      aggregate-error "^3.0.0"
  
  p-try@^1.0.0:
    version "1.0.0"
    resolved "http://npm.guazi-corp.com/p-try/-/p-try-1.0.0.tgz"
    integrity sha1-y8ec26+P1CKOE/Yh8rGiN8GyB7M=
  
  parent-module@^1.0.0:
    version "1.0.1"
    resolved "http://npm.guazi-corp.com/parent-module/-/parent-module-1.0.1.tgz"
    integrity sha1-aR0nCeeMefrjoVZiJFLQB2LKqqI=
    dependencies:
      callsites "^3.0.0"
  
  path-exists@^3.0.0:
    version "3.0.0"
    resolved "http://npm.guazi-corp.com/path-exists/-/path-exists-3.0.0.tgz"
    integrity sha1-zg6+ql94yxiSXqfYENe1mwEP1RU=
  
  path-is-absolute@^1.0.0:
    version "1.0.1"
    resolved "http://npm.guazi-corp.com/path-is-absolute/-/path-is-absolute-1.0.1.tgz"
    integrity sha1-F0uSaHNVNP+8es5r9TpanhtcX18=
  
  path-key@^3.0.0, path-key@^3.1.0:
    version "3.1.1"
    resolved "http://npm.guazi-corp.com/path-key/-/path-key-3.1.1.tgz"
    integrity sha1-WB9q3mWMu6ZaDTOA3ndTKVBU83U=
  
  path-parse@^1.0.7:
    version "1.0.7"
    resolved "http://npm.guazi-corp.com/path-parse/-/path-parse-1.0.7.tgz"
    integrity sha1-+8EUtgykKzDZ2vWFjkvWi77bZzU=
  
  path-type@^4.0.0:
    version "4.0.0"
    resolved "http://npm.guazi-corp.com/path-type/-/path-type-4.0.0.tgz"
    integrity sha1-hO0BwKe6OAr+CdkKjBgNzZ0DBDs=
  
  picocolors@^1.0.0:
    version "1.0.0"
    resolved "http://npm.guazi-corp.com/picocolors/-/picocolors-1.0.0.tgz"
    integrity sha1-y1vcdP8/UYkiNur3nWi8RFZKuBw=
  
  picomatch@^2.2.2, picomatch@^2.2.3:
    version "2.3.1"
    resolved "http://npm.guazi-corp.com/picomatch/-/picomatch-2.3.1.tgz"
    integrity sha512-JU3teHTNjmE2VCGFzuY8EXzCDVwEqB2a8fsIvwaStHhAWJEeVd1o1QD80CU6+ZdEXXSLbSsuLwJjkCBWqRQUVA==
  
  postcss@^8.1.10, postcss@^8.4.5:
    version "8.4.5"
    resolved "http://npm.guazi-corp.com/postcss/-/postcss-8.4.5.tgz"
    integrity sha512-jBDboWM8qpaqwkMwItqTQTiFikhs/67OYVvblFFTM7MrZjt6yMKd6r2kgXizEbTTljacm4NldIlZnhbjr84QYg==
    dependencies:
      nanoid "^3.1.30"
      picocolors "^1.0.0"
      source-map-js "^1.0.1"
  
  prelude-ls@^1.2.1:
    version "1.2.1"
    resolved "http://npm.guazi-corp.com/prelude-ls/-/prelude-ls-1.2.1.tgz"
    integrity sha1-3rxkidem5rDnYRiIzsiAM30xY5Y=
  
  progress@^2.0.0:
    version "2.0.3"
    resolved "http://npm.guazi-corp.com/progress/-/progress-2.0.3.tgz"
    integrity sha1-foz42PW48jnBvGi+tOt4Vn1XLvg=
  
  promise@^7.0.1:
    version "7.3.1"
    resolved "http://npm.guazi-corp.com/promise/-/promise-7.3.1.tgz"
    integrity sha1-BktyYCsY+Q8pGSuLG8QY/9Hr078=
    dependencies:
      asap "~2.0.3"
  
  pug-attrs@^3.0.0:
    version "3.0.0"
    resolved "http://npm.guazi-corp.com/pug-attrs/-/pug-attrs-3.0.0.tgz"
    integrity sha1-sQRR4DSBZeMfrRzCPr3dncc0fEE=
    dependencies:
      constantinople "^4.0.1"
      js-stringify "^1.0.2"
      pug-runtime "^3.0.0"
  
  pug-code-gen@^3.0.2:
    version "3.0.2"
    resolved "http://npm.guazi-corp.com/pug-code-gen/-/pug-code-gen-3.0.2.tgz"
    integrity sha1-rRkPSUMTO/GGtguA3kgxAOEy4s4=
    dependencies:
      constantinople "^4.0.1"
      doctypes "^1.1.0"
      js-stringify "^1.0.2"
      pug-attrs "^3.0.0"
      pug-error "^2.0.0"
      pug-runtime "^3.0.0"
      void-elements "^3.1.0"
      with "^7.0.0"
  
  pug-error@^2.0.0:
    version "2.0.0"
    resolved "http://npm.guazi-corp.com/pug-error/-/pug-error-2.0.0.tgz"
    integrity sha1-XGIXPLCcNN4qLOBPF7it/sdNjKU=
  
  pug-filters@^4.0.0:
    version "4.0.0"
    resolved "http://npm.guazi-corp.com/pug-filters/-/pug-filters-4.0.0.tgz"
    integrity sha1-0+Sa9bqEcum3pm2YDnB86dLMm14=
    dependencies:
      constantinople "^4.0.1"
      jstransformer "1.0.0"
      pug-error "^2.0.0"
      pug-walk "^2.0.0"
      resolve "^1.15.1"
  
  pug-lexer@^5.0.1:
    version "5.0.1"
    resolved "http://npm.guazi-corp.com/pug-lexer/-/pug-lexer-5.0.1.tgz"
    integrity sha1-rkRijFvvmxkLZlaDsojKkCS4sNU=
    dependencies:
      character-parser "^2.2.0"
      is-expression "^4.0.0"
      pug-error "^2.0.0"
  
  pug-linker@^4.0.0:
    version "4.0.0"
    resolved "http://npm.guazi-corp.com/pug-linker/-/pug-linker-4.0.0.tgz"
    integrity sha1-EsvAWU/Fo+Brn8Web5PBRpYqdwg=
    dependencies:
      pug-error "^2.0.0"
      pug-walk "^2.0.0"
  
  pug-load@^3.0.0:
    version "3.0.0"
    resolved "http://npm.guazi-corp.com/pug-load/-/pug-load-3.0.0.tgz"
    integrity sha1-n9nNpSICsIrbEdJWgfufNL1BtmI=
    dependencies:
      object-assign "^4.1.1"
      pug-walk "^2.0.0"
  
  pug-parser@^6.0.0:
    version "6.0.0"
    resolved "http://npm.guazi-corp.com/pug-parser/-/pug-parser-6.0.0.tgz"
    integrity sha1-qP3ANYY6lbLB3F6/Ts+AtOdqEmA=
    dependencies:
      pug-error "^2.0.0"
      token-stream "1.0.0"
  
  pug-runtime@^3.0.0, pug-runtime@^3.0.1:
    version "3.0.1"
    resolved "http://npm.guazi-corp.com/pug-runtime/-/pug-runtime-3.0.1.tgz"
    integrity sha1-9jaXYgRyPzWoxfb61qzaKhkbg9c=
  
  pug-strip-comments@^2.0.0:
    version "2.0.0"
    resolved "http://npm.guazi-corp.com/pug-strip-comments/-/pug-strip-comments-2.0.0.tgz"
    integrity sha1-+UsH/WtJVSMzD0kKf1VLT/h2MD4=
    dependencies:
      pug-error "^2.0.0"
  
  pug-walk@^2.0.0:
    version "2.0.0"
    resolved "http://npm.guazi-corp.com/pug-walk/-/pug-walk-2.0.0.tgz"
    integrity sha1-QXqrwpIyu0SZtbUGmistKiTV9f4=
  
  pug@^3.0.2:
    version "3.0.2"
    resolved "http://npm.guazi-corp.com/pug/-/pug-3.0.2.tgz"
    integrity sha1-81xxBzQ0VOQ7wnrg/3bHMbeOpTU=
    dependencies:
      pug-code-gen "^3.0.2"
      pug-filters "^4.0.0"
      pug-lexer "^5.0.1"
      pug-linker "^4.0.0"
      pug-load "^3.0.0"
      pug-parser "^6.0.0"
      pug-runtime "^3.0.1"
      pug-strip-comments "^2.0.0"
  
  punycode@^2.1.0:
    version "2.1.1"
    resolved "http://npm.guazi-corp.com/punycode/-/punycode-2.1.1.tgz"
    integrity sha1-tYsBCsQMIsVldhbI0sLALHv0eew=
  
  queue-microtask@^1.2.2:
    version "1.2.3"
    resolved "http://npm.guazi-corp.com/queue-microtask/-/queue-microtask-1.2.3.tgz"
    integrity sha1-SSkii7xyTfrEPg77BYyve2z7YkM=
  
  regexpp@^3.0.0, regexpp@^3.1.0, regexpp@^3.2.0:
    version "3.2.0"
    resolved "http://npm.guazi-corp.com/regexpp/-/regexpp-3.2.0.tgz"
    integrity sha1-BCWido2PI7rXDKS5BGH6LxIT4bI=
  
  request-light@^0.5.4:
    version "0.5.7"
    resolved "http://npm.guazi-corp.com/request-light/-/request-light-0.5.7.tgz"
    integrity sha512-i/wKzvcx7Er8tZnvqSxWuNO5ZGggu2UgZAqj/RyZ0si7lBTXL7kZiI/dWxzxnQjaY7s5HEy1qK21Do4Ncr6cVw==
  
  require-from-string@^2.0.2:
    version "2.0.2"
    resolved "http://npm.guazi-corp.com/require-from-string/-/require-from-string-2.0.2.tgz"
    integrity sha1-iaf92TgmEmcxjq/hT5wy5ZjDaQk=
  
  resolve-from@^4.0.0:
    version "4.0.0"
    resolved "http://npm.guazi-corp.com/resolve-from/-/resolve-from-4.0.0.tgz"
    integrity sha1-SrzYUq0y3Xuqv+m0DgCjbbXzkuY=
  
  resolve@^1.10.1, resolve@^1.15.1, resolve@^1.20.0:
    version "1.22.0"
    resolved "http://npm.guazi-corp.com/resolve/-/resolve-1.22.0.tgz"
    integrity sha512-Hhtrw0nLeSrFQ7phPp4OOcVjLPIeMnRlr5mcnVuMe7M/7eBn98A3hmFRLoFo3DLZkivSYwhRUJTyPyWAk56WLw==
    dependencies:
      is-core-module "^2.8.1"
      path-parse "^1.0.7"
      supports-preserve-symlinks-flag "^1.0.0"
  
  restore-cursor@^3.1.0:
    version "3.1.0"
    resolved "http://npm.guazi-corp.com/restore-cursor/-/restore-cursor-3.1.0.tgz#39f67c54b3a7a58cea5236d95cf0034239631f7e"
    integrity sha1-OfZ8VLOnpYzqUjbZXPADQjljH34=
    dependencies:
      onetime "^5.1.0"
      signal-exit "^3.0.2"
  
  reusify@^1.0.4:
    version "1.0.4"
    resolved "http://npm.guazi-corp.com/reusify/-/reusify-1.0.4.tgz"
    integrity sha1-kNo4Kx4SbvwCFG6QhFqI2xKSXXY=
  
  rfdc@^1.3.0:
    version "1.3.0"
    resolved "http://npm.guazi-corp.com/rfdc/-/rfdc-1.3.0.tgz#d0b7c441ab2720d05dc4cf26e01c89631d9da08b"
    integrity sha1-0LfEQasnINBdxM8m4ByJYx2doIs=
  
  rimraf@^3.0.2:
    version "3.0.2"
    resolved "http://npm.guazi-corp.com/rimraf/-/rimraf-3.0.2.tgz"
    integrity sha1-8aVAK6YiCtUswSgrrBrjqkn9Bho=
    dependencies:
      glob "^7.1.3"
  
  rollup@^2.47.0, rollup@^2.59.0:
    version "2.66.0"
    resolved "http://npm.guazi-corp.com/rollup/-/rollup-2.66.0.tgz"
    integrity sha512-L6mKOkdyP8HK5kKJXaiWG7KZDumPJjuo1P+cfyHOJPNNTK3Moe7zCH5+fy7v8pVmHXtlxorzaBjvkBMB23s98g==
    optionalDependencies:
      fsevents "~2.3.2"
  
  run-parallel@^1.1.9:
    version "1.2.0"
    resolved "http://npm.guazi-corp.com/run-parallel/-/run-parallel-1.2.0.tgz"
    integrity sha1-ZtE2jae9+SHrnZW9GpIp5/IaQ+4=
    dependencies:
      queue-microtask "^1.2.2"
  
  rxjs@^7.5.1:
    version "7.5.2"
    resolved "http://npm.guazi-corp.com/rxjs/-/rxjs-7.5.2.tgz#11e4a3a1dfad85dbf7fb6e33cbba17668497490b"
    integrity sha512-PwDt186XaL3QN5qXj/H9DGyHhP3/RYYgZZwqBv9Tv8rsAaiwFH1IsJJlcgD37J7UW5a6O67qX0KWKS3/pu0m4w==
    dependencies:
      tslib "^2.1.0"
  
  semver@^6.1.0:
    version "6.3.0"
    resolved "http://npm.guazi-corp.com/semver/-/semver-6.3.0.tgz"
    integrity sha1-7gpkyK9ejO6mdoexM3YeG+y9HT0=
  
  semver@^7.2.1, semver@^7.3.5:
    version "7.3.5"
    resolved "http://npm.guazi-corp.com/semver/-/semver-7.3.5.tgz"
    integrity sha1-C2Ich5NI2JmOSw5L6Us/EuYBjvc=
    dependencies:
      lru-cache "^6.0.0"
  
  shebang-command@^2.0.0:
    version "2.0.0"
    resolved "http://npm.guazi-corp.com/shebang-command/-/shebang-command-2.0.0.tgz"
    integrity sha1-zNCvT4g1+9wmW4JGGq8MNmY/NOo=
    dependencies:
      shebang-regex "^3.0.0"
  
  shebang-regex@^3.0.0:
    version "3.0.0"
    resolved "http://npm.guazi-corp.com/shebang-regex/-/shebang-regex-3.0.0.tgz"
    integrity sha1-rhbxZE2HPsrYQ7AwexQzYtTEIXI=
  
  side-channel@^1.0.4:
    version "1.0.4"
    resolved "http://npm.guazi-corp.com/side-channel/-/side-channel-1.0.4.tgz"
    integrity sha1-785cj9wQTudRslxY1CkAEfpeos8=
    dependencies:
      call-bind "^1.0.0"
      get-intrinsic "^1.0.2"
      object-inspect "^1.9.0"
  
  signal-exit@^3.0.2, signal-exit@^3.0.3:
    version "3.0.6"
    resolved "http://npm.guazi-corp.com/signal-exit/-/signal-exit-3.0.6.tgz#24e630c4b0f03fea446a2bd299e62b4a6ca8d0af"
    integrity sha1-JOYwxLDwP+pEaivSmeYrSmyo0K8=
  
  slash@^3.0.0:
    version "3.0.0"
    resolved "http://npm.guazi-corp.com/slash/-/slash-3.0.0.tgz"
    integrity sha1-ZTm+hwwWWtvVJAIg2+Nh8bxNRjQ=
  
  slice-ansi@^3.0.0:
    version "3.0.0"
    resolved "http://npm.guazi-corp.com/slice-ansi/-/slice-ansi-3.0.0.tgz#31ddc10930a1b7e0b67b08c96c2f49b77a789787"
    integrity sha1-Md3BCTCht+C2ewjJbC9Jt3p4l4c=
    dependencies:
      ansi-styles "^4.0.0"
      astral-regex "^2.0.0"
      is-fullwidth-code-point "^3.0.0"
  
  slice-ansi@^4.0.0:
    version "4.0.0"
    resolved "http://npm.guazi-corp.com/slice-ansi/-/slice-ansi-4.0.0.tgz"
    integrity sha1-UA6N0P1VsFgVCGJVsxla3ypF/ms=
    dependencies:
      ansi-styles "^4.0.0"
      astral-regex "^2.0.0"
      is-fullwidth-code-point "^3.0.0"
  
  slice-ansi@^5.0.0:
    version "5.0.0"
    resolved "http://npm.guazi-corp.com/slice-ansi/-/slice-ansi-5.0.0.tgz#b73063c57aa96f9cd881654b15294d95d285c42a"
    integrity sha1-tzBjxXqpb5zYgWVLFSlNldKFxCo=
    dependencies:
      ansi-styles "^6.0.0"
      is-fullwidth-code-point "^4.0.0"
  
  source-map-js@^1.0.1:
    version "1.0.2"
    resolved "http://npm.guazi-corp.com/source-map-js/-/source-map-js-1.0.2.tgz"
    integrity sha512-R0XvVJ9WusLiqTCEiGCmICCMplcCkIwwR11mOSD9CR5u+IXYdiseeEuXCVAjS54zqwkLcPNnmU4OeJ6tUrWhDw==
  
  source-map@^0.6.1:
    version "0.6.1"
    resolved "http://npm.guazi-corp.com/source-map/-/source-map-0.6.1.tgz"
    integrity sha1-dHIq8y6WFOnCh6jQu95IteLxomM=
  
  sourcemap-codec@^1.4.4:
    version "1.4.8"
    resolved "http://npm.guazi-corp.com/sourcemap-codec/-/sourcemap-codec-1.4.8.tgz"
    integrity sha1-6oBL2UhXQC5pktBaOO8a41qatMQ=
  
  sprintf-js@~1.0.2:
    version "1.0.3"
    resolved "http://npm.guazi-corp.com/sprintf-js/-/sprintf-js-1.0.3.tgz"
    integrity sha1-BOaSb2YolTVPPdAVIDYzuFcpfiw=
  
  string-argv@^0.3.1:
    version "0.3.1"
    resolved "http://npm.guazi-corp.com/string-argv/-/string-argv-0.3.1.tgz#95e2fbec0427ae19184935f816d74aaa4c5c19da"
    integrity sha1-leL77AQnrhkYSTX4FtdKqkxcGdo=
  
  string-width@^4.1.0, string-width@^4.2.0, string-width@^4.2.3:
    version "4.2.3"
    resolved "http://npm.guazi-corp.com/string-width/-/string-width-4.2.3.tgz"
    integrity sha1-JpxxF9J7Ba0uU2gwqOyJXvnG0BA=
    dependencies:
      emoji-regex "^8.0.0"
      is-fullwidth-code-point "^3.0.0"
      strip-ansi "^6.0.1"
  
  string-width@^5.0.0:
    version "5.1.0"
    resolved "http://npm.guazi-corp.com/string-width/-/string-width-5.1.0.tgz#5ab00980cfb29f43e736b113a120a73a0fb569d3"
    integrity sha512-7x54QnN21P+XL/v8SuNKvfgsUre6PXpN7mc77N3HlZv+f1SBRGmjxtOud2Z6FZ8DmdkD/IdjCaf9XXbnqmTZGQ==
    dependencies:
      eastasianwidth "^0.2.0"
      emoji-regex "^9.2.2"
      strip-ansi "^7.0.1"
  
  string.prototype.trimend@^1.0.4:
    version "1.0.4"
    resolved "http://npm.guazi-corp.com/string.prototype.trimend/-/string.prototype.trimend-1.0.4.tgz"
    integrity sha1-51rpDClCxjUEaGwYsoe0oLGkX4A=
    dependencies:
      call-bind "^1.0.2"
      define-properties "^1.1.3"
  
  string.prototype.trimstart@^1.0.4:
    version "1.0.4"
    resolved "http://npm.guazi-corp.com/string.prototype.trimstart/-/string.prototype.trimstart-1.0.4.tgz"
    integrity sha1-s2OZr0qymZtMnGSL16P7K7Jv7u0=
    dependencies:
      call-bind "^1.0.2"
      define-properties "^1.1.3"
  
  strip-ansi@^6.0.0, strip-ansi@^6.0.1:
    version "6.0.1"
    resolved "http://npm.guazi-corp.com/strip-ansi/-/strip-ansi-6.0.1.tgz"
    integrity sha1-nibGPTD1NEPpSJSVshBdN7Z6hdk=
    dependencies:
      ansi-regex "^5.0.1"
  
  strip-ansi@^7.0.1:
    version "7.0.1"
    resolved "http://npm.guazi-corp.com/strip-ansi/-/strip-ansi-7.0.1.tgz#61740a08ce36b61e50e65653f07060d000975fb2"
    integrity sha1-YXQKCM42th5Q5lZT8HBg0ACXX7I=
    dependencies:
      ansi-regex "^6.0.1"
  
  strip-bom@^3.0.0:
    version "3.0.0"
    resolved "http://npm.guazi-corp.com/strip-bom/-/strip-bom-3.0.0.tgz"
    integrity sha1-IzTBjpx1n3vdVv3vfprj1YjmjtM=
  
  strip-final-newline@^2.0.0:
    version "2.0.0"
    resolved "http://npm.guazi-corp.com/strip-final-newline/-/strip-final-newline-2.0.0.tgz#89b852fb2fcbe936f6f4b3187afb0a12c1ab58ad"
    integrity sha1-ibhS+y/L6Tb29LMYevsKEsGrWK0=
  
  strip-json-comments@^3.1.0, strip-json-comments@^3.1.1:
    version "3.1.1"
    resolved "http://npm.guazi-corp.com/strip-json-comments/-/strip-json-comments-3.1.1.tgz"
    integrity sha1-MfEoGzgyYwQ0gxwxDAHMzajL4AY=
  
  supports-color@^5.3.0:
    version "5.5.0"
    resolved "http://npm.guazi-corp.com/supports-color/-/supports-color-5.5.0.tgz"
    integrity sha1-4uaaRKyHcveKHsCzW2id9lMO/I8=
    dependencies:
      has-flag "^3.0.0"
  
  supports-color@^7.1.0:
    version "7.2.0"
    resolved "http://npm.guazi-corp.com/supports-color/-/supports-color-7.2.0.tgz"
    integrity sha1-G33NyzK4E4gBs+R4umpRyqiWSNo=
    dependencies:
      has-flag "^4.0.0"
  
  supports-color@^9.2.1:
    version "9.2.1"
    resolved "http://npm.guazi-corp.com/supports-color/-/supports-color-9.2.1.tgz#599dc9d45acf74c6176e0d880bab1d7d718fe891"
    integrity sha512-Obv7ycoCTG51N7y175StI9BlAXrmgZrFhZOb0/PyjHBher/NmsdBgbbQ1Inhq+gIhz6+7Gb+jWF2Vqi7Mf1xnQ==
  
  supports-preserve-symlinks-flag@^1.0.0:
    version "1.0.0"
    resolved "http://npm.guazi-corp.com/supports-preserve-symlinks-flag/-/supports-preserve-symlinks-flag-1.0.0.tgz"
    integrity sha512-ot0WnXS9fgdkgIcePe6RHNk1WA8+muPa6cSjeR3V8K27q9BB1rTE3R1p7Hv0z1ZyAc8s6Vvv8DIyWf681MAt0w==
  
  table@^6.0.9:
    version "6.8.0"
    resolved "http://npm.guazi-corp.com/table/-/table-6.8.0.tgz"
    integrity sha512-s/fitrbVeEyHKFa7mFdkuQMWlH1Wgw/yEXMt5xACT4ZpzWFluehAxRtUUQKPuWhaLAWhFcVx6w3oC8VKaUfPGA==
    dependencies:
      ajv "^8.0.1"
      lodash.truncate "^4.4.2"
      slice-ansi "^4.0.0"
      string-width "^4.2.3"
      strip-ansi "^6.0.1"
  
  text-table@^0.2.0:
    version "0.2.0"
    resolved "http://npm.guazi-corp.com/text-table/-/text-table-0.2.0.tgz"
    integrity sha1-f17oI66AUgfACvLfSoTsP8+lcLQ=
  
  through@^2.3.8:
    version "2.3.8"
    resolved "http://npm.guazi-corp.com/through/-/through-2.3.8.tgz#0dd4c9ffaabc357960b1b724115d7e0e86a2e1f5"
    integrity sha1-DdTJ/6q8NXlgsbckEV1+Doai4fU=
  
  to-fast-properties@^2.0.0:
    version "2.0.0"
    resolved "http://npm.guazi-corp.com/to-fast-properties/-/to-fast-properties-2.0.0.tgz"
    integrity sha1-3F5pjL0HkmW8c+A3doGk5Og/YW4=
  
  to-regex-range@^5.0.1:
    version "5.0.1"
    resolved "http://npm.guazi-corp.com/to-regex-range/-/to-regex-range-5.0.1.tgz"
    integrity sha1-FkjESq58jZiKMmAY7XL1tN0DkuQ=
    dependencies:
      is-number "^7.0.0"
  
  token-stream@1.0.0:
    version "1.0.0"
    resolved "http://npm.guazi-corp.com/token-stream/-/token-stream-1.0.0.tgz"
    integrity sha1-zCAOqyYT9BZtJ/+a/HylbUnfbrQ=
  
  tsconfig-paths@^3.12.0:
    version "3.12.0"
    resolved "http://npm.guazi-corp.com/tsconfig-paths/-/tsconfig-paths-3.12.0.tgz"
    integrity sha1-GXaaym7o9qGjQeOMj6Rd2fsYiZs=
    dependencies:
      "@types/json5" "^0.0.29"
      json5 "^1.0.1"
      minimist "^1.2.0"
      strip-bom "^3.0.0"
  
  tslib@^1.8.1:
    version "1.14.1"
    resolved "http://npm.guazi-corp.com/tslib/-/tslib-1.14.1.tgz"
    integrity sha1-zy04vcNKE0vK8QkcQfZhni9nLQA=
  
  tslib@^2.1.0:
    version "2.3.1"
    resolved "http://npm.guazi-corp.com/tslib/-/tslib-2.3.1.tgz#e8a335add5ceae51aa261d32a490158ef042ef01"
    integrity sha1-6KM1rdXOrlGqJh0ypJAVjvBC7wE=
  
  tsutils@^3.21.0:
    version "3.21.0"
    resolved "http://npm.guazi-corp.com/tsutils/-/tsutils-3.21.0.tgz"
    integrity sha1-tIcX05TOpsHglpg+7Vjp1hcVtiM=
    dependencies:
      tslib "^1.8.1"
  
  type-check@^0.4.0, type-check@~0.4.0:
    version "0.4.0"
    resolved "http://npm.guazi-corp.com/type-check/-/type-check-0.4.0.tgz"
    integrity sha1-B7ggO/pwVsBlcFDjzNLDdzC6uPE=
    dependencies:
      prelude-ls "^1.2.1"
  
  type-fest@^0.20.2:
    version "0.20.2"
    resolved "http://npm.guazi-corp.com/type-fest/-/type-fest-0.20.2.tgz"
    integrity sha1-G/IH9LKPkVg2ZstfvTJ4hzAc1fQ=
  
  type-fest@^0.21.3:
    version "0.21.3"
    resolved "http://npm.guazi-corp.com/type-fest/-/type-fest-0.21.3.tgz#d260a24b0198436e133fa26a524a6d65fa3b2e37"
    integrity sha1-0mCiSwGYQ24TP6JqUkptZfo7Ljc=
  
  typescript@^4.4.4:
    version "4.5.5"
    resolved "http://npm.guazi-corp.com/typescript/-/typescript-4.5.5.tgz"
    integrity sha512-TCTIul70LyWe6IJWT8QSYeA54WQe8EjQFU4wY52Fasj5UKx88LNYKCgBEHcOMOrFF1rKGbD8v/xcNWVUq9SymA==
  
  unbox-primitive@^1.0.1:
    version "1.0.1"
    resolved "http://npm.guazi-corp.com/unbox-primitive/-/unbox-primitive-1.0.1.tgz"
    integrity sha1-CF4hViXsMWJXTciFmr7nilmxRHE=
    dependencies:
      function-bind "^1.1.1"
      has-bigints "^1.0.1"
      has-symbols "^1.0.2"
      which-boxed-primitive "^1.0.2"
  
  upath@^2.0.1:
    version "2.0.1"
    resolved "http://npm.guazi-corp.com/upath/-/upath-2.0.1.tgz"
    integrity sha1-UMc96mjW9rmQ9R0nnOYIFmXWGos=
  
  uri-js@^4.2.2:
    version "4.4.1"
    resolved "http://npm.guazi-corp.com/uri-js/-/uri-js-4.4.1.tgz"
    integrity sha1-mxpSWVIlhZ5V9mnZKPiMbFfyp34=
    dependencies:
      punycode "^2.1.0"
  
  v8-compile-cache@^2.0.3:
    version "2.3.0"
    resolved "http://npm.guazi-corp.com/v8-compile-cache/-/v8-compile-cache-2.3.0.tgz"
    integrity sha1-LeGWGMZtwkfc+2+ZM4A12CRaLO4=
  
  vite-plugin-eslint@^1.3.0:
    version "1.3.0"
    resolved "http://npm.guazi-corp.com/vite-plugin-eslint/-/vite-plugin-eslint-1.3.0.tgz#cbc3f1542ca5e90d592ccfb6b4957e9b63f99a0e"
    integrity sha1-y8PxVCyl6Q1ZLM+2tJV+m2P5mg4=
    dependencies:
      "@rollup/pluginutils" "^4.1.0"
      eslint "^7.26.0"
      rollup "^2.47.0"
  
  vite@^2.7.2:
    version "2.7.13"
    resolved "http://npm.guazi-corp.com/vite/-/vite-2.7.13.tgz"
    integrity sha512-Mq8et7f3aK0SgSxjDNfOAimZGW9XryfHRa/uV0jseQSilg+KhYDSoNb9h1rknOy6SuMkvNDLKCYAYYUMCE+IgQ==
    dependencies:
      esbuild "^0.13.12"
      postcss "^8.4.5"
      resolve "^1.20.0"
      rollup "^2.59.0"
    optionalDependencies:
      fsevents "~2.3.2"
  
  void-elements@^3.1.0:
    version "3.1.0"
    resolved "http://npm.guazi-corp.com/void-elements/-/void-elements-3.1.0.tgz"
    integrity sha1-YU9/v42AHwu18GYfWy9XhXUOTwk=
  
  vscode-css-languageservice@^5.1.7:
    version "5.1.9"
    resolved "http://npm.guazi-corp.com/vscode-css-languageservice/-/vscode-css-languageservice-5.1.9.tgz"
    integrity sha512-/tFOWeZBL3Oc9Zc+2MAi3rEwiXJTSZsvjB+M7nSjWLbGPUIjukUA7YzLgsBoUfR35sPJYnXWUkL56PdfIYM8GA==
    dependencies:
      vscode-languageserver-textdocument "^1.0.1"
      vscode-languageserver-types "^3.16.0"
      vscode-nls "^5.0.0"
      vscode-uri "^3.0.2"
  
  vscode-html-languageservice@^4.1.0:
    version "4.2.1"
    resolved "http://npm.guazi-corp.com/vscode-html-languageservice/-/vscode-html-languageservice-4.2.1.tgz"
    integrity sha512-PgaToZVXJ44nFWEBuSINdDgVV6EnpC3MnXBsysR3O5TKcAfywbYeRGRy+Y4dVR7YeUgDvtb+JkJoSkaYC0mxXQ==
    dependencies:
      vscode-languageserver-textdocument "^1.0.1"
      vscode-languageserver-types "^3.16.0"
      vscode-nls "^5.0.0"
      vscode-uri "^3.0.2"
  
  vscode-json-languageservice@^4.1.8:
    version "4.1.10"
    resolved "http://npm.guazi-corp.com/vscode-json-languageservice/-/vscode-json-languageservice-4.1.10.tgz"
    integrity sha1-XVcp/E8+AvQVmeAQRSOhh3wl8Ps=
    dependencies:
      jsonc-parser "^3.0.0"
      vscode-languageserver-textdocument "^1.0.1"
      vscode-languageserver-types "^3.16.0"
      vscode-nls "^5.0.0"
      vscode-uri "^3.0.2"
  
  vscode-jsonrpc@8.0.0-next.5, vscode-jsonrpc@^8.0.0-next.2:
    version "8.0.0-next.5"
    resolved "http://npm.guazi-corp.com/vscode-jsonrpc/-/vscode-jsonrpc-8.0.0-next.5.tgz"
    integrity sha512-owRllqcFTnz5rXxcbmHPFGmpFmLqj9Z1V3Dzrv+s8ejOHLIT62Pyb5Uqzyl2/in2VP22DmzErPgZwrxjLCIKiQ==
  
  vscode-languageserver-protocol@3.17.0-next.12:
    version "3.17.0-next.12"
    resolved "http://npm.guazi-corp.com/vscode-languageserver-protocol/-/vscode-languageserver-protocol-3.17.0-next.12.tgz"
    integrity sha512-VLRcWKOpCXcx9UrqrS+NSF6pNxV498VGYGW+eyp9a79/F9ElUq3wdG6acXYlEfpWHuIxpm6MXps8FU88wqIgTg==
    dependencies:
      vscode-jsonrpc "8.0.0-next.5"
      vscode-languageserver-types "3.17.0-next.6"
  
  vscode-languageserver-textdocument@^1.0.1:
    version "1.0.3"
    resolved "http://npm.guazi-corp.com/vscode-languageserver-textdocument/-/vscode-languageserver-textdocument-1.0.3.tgz"
    integrity sha512-ynEGytvgTb6HVSUwPJIAZgiHQmPCx8bZ8w5um5Lz+q5DjP0Zj8wTFhQpyg8xaMvefDytw2+HH5yzqS+FhsR28A==
  
  vscode-languageserver-types@3.17.0-next.6:
    version "3.17.0-next.6"
    resolved "http://npm.guazi-corp.com/vscode-languageserver-types/-/vscode-languageserver-types-3.17.0-next.6.tgz"
    integrity sha512-rHYeCotiabJHgvIYzWjV8g0dHCxyOQtcryTv1Xa1horaQ4jx2V+rjLBstc6zMpCyrnZcjorwEcAvGBDCd6wudw==
  
  vscode-languageserver-types@^3.15.1, vscode-languageserver-types@^3.16.0:
    version "3.16.0"
    resolved "http://npm.guazi-corp.com/vscode-languageserver-types/-/vscode-languageserver-types-3.16.0.tgz"
    integrity sha1-7POT/BIexpdLLaPvsxVWRMUU4kc=
  
  vscode-languageserver@^8.0.0-next.2:
    version "8.0.0-next.6"
    resolved "http://npm.guazi-corp.com/vscode-languageserver/-/vscode-languageserver-8.0.0-next.6.tgz"
    integrity sha512-RgGRAsXUksdtCrhtxFUeMXzqE4C/7AHSR6loIQY3GFDNIqrlEIkkQZg2Kkouf/i+eE/Iummn2ZB85VKNTBQgsQ==
    dependencies:
      vscode-languageserver-protocol "3.17.0-next.12"
  
  vscode-nls@^5.0.0:
    version "5.0.0"
    resolved "http://npm.guazi-corp.com/vscode-nls/-/vscode-nls-5.0.0.tgz"
    integrity sha1-mfDaC9nqfNpE5WWnTFSx8rwleEA=
  
  vscode-pug-languageservice@0.29.8:
    version "0.29.8"
    resolved "http://npm.guazi-corp.com/vscode-pug-languageservice/-/vscode-pug-languageservice-0.29.8.tgz"
    integrity sha512-QHYAzDSJLg7GOLxCZ12qsM0dAM0dPeMSS1t4kKfzLsfpErmZpFzkAIXbidVrNMdMffGZMtTuIlcpEyWHbx96Iw==
    dependencies:
      "@volar/code-gen" "0.29.8"
      "@volar/shared" "0.29.8"
      "@volar/source-map" "0.29.8"
      "@volar/transforms" "0.29.8"
      pug-lexer "^5.0.1"
      pug-parser "^6.0.0"
      vscode-languageserver "^8.0.0-next.2"
  
  vscode-typescript-languageservice@0.29.8:
    version "0.29.8"
    resolved "http://npm.guazi-corp.com/vscode-typescript-languageservice/-/vscode-typescript-languageservice-0.29.8.tgz"
    integrity sha512-eecDqHk4WjEvy6VHQ6teHczppQ9yJO2wExCy7yu7WiFj35qbw0h4G6Erv46MvP3ClL8FggFzD7s1qM6vdqJUfw==
    dependencies:
      "@volar/shared" "0.29.8"
      semver "^7.3.5"
      upath "^2.0.1"
      vscode-languageserver "^8.0.0-next.2"
      vscode-languageserver-textdocument "^1.0.1"
  
  vscode-uri@^2.1.2:
    version "2.1.2"
    resolved "http://npm.guazi-corp.com/vscode-uri/-/vscode-uri-2.1.2.tgz"
    integrity sha1-yNQN6T61evMfPHFd1lDiyiwJbxw=
  
  vscode-uri@^3.0.2:
    version "3.0.3"
    resolved "http://npm.guazi-corp.com/vscode-uri/-/vscode-uri-3.0.3.tgz"
    integrity sha512-EcswR2S8bpR7fD0YPeS7r2xXExrScVMxg4MedACaWHEtx9ftCF/qHG1xGkolzTPcEmjTavCQgbVzHUIdTMzFGA==
  
  vscode-vue-languageservice@0.29.8:
    version "0.29.8"
    resolved "http://npm.guazi-corp.com/vscode-vue-languageservice/-/vscode-vue-languageservice-0.29.8.tgz"
    integrity sha512-qSJdvW5ttyGUB/8uWDKgo8vnIoFnXYlBP4Z/cn54btsRn6ZMw7IJGJU1381e7p/yGvMTLeGbugD53SghbnSa6g==
    dependencies:
      "@volar/code-gen" "0.29.8"
      "@volar/html2pug" "0.29.8"
      "@volar/shared" "0.29.8"
      "@volar/source-map" "0.29.8"
      "@volar/transforms" "0.29.8"
      "@volar/vue-code-gen" "0.29.8"
      "@vscode/emmet-helper" "^2.8.0"
      "@vue/reactivity" "^3.2.21"
      "@vue/shared" "^3.2.21"
      request-light "^0.5.4"
      upath "^2.0.1"
      vscode-css-languageservice "^5.1.7"
      vscode-html-languageservice "^4.1.0"
      vscode-json-languageservice "^4.1.8"
      vscode-languageserver "^8.0.0-next.2"
      vscode-languageserver-textdocument "^1.0.1"
      vscode-pug-languageservice "0.29.8"
      vscode-typescript-languageservice "0.29.8"
  
  vue-eslint-parser@^8.0.1:
    version "8.1.0"
    resolved "http://npm.guazi-corp.com/vue-eslint-parser/-/vue-eslint-parser-8.1.0.tgz"
    integrity sha512-R8Pl6MSvuU81JKyUguexcABQxfM51Q2ZJVBX0TrKiLltPB+haVLp4hfuR5msiu9oqpsQkaV+TF18r4CBw9c9qg==
    dependencies:
      debug "^4.3.2"
      eslint-scope "^7.0.0"
      eslint-visitor-keys "^3.1.0"
      espree "^9.0.0"
      esquery "^1.4.0"
      lodash "^4.17.21"
      semver "^7.3.5"
  
  vue-tsc@^0.29.8:
    version "0.29.8"
    resolved "http://npm.guazi-corp.com/vue-tsc/-/vue-tsc-0.29.8.tgz"
    integrity sha512-pT0wLRjvRuSmB+J4WJT6uuV9mO0KtSSXEAtaVXZQzyk5+DJdbLIQTbRce/TXSkfqt1l1WogO78RjtOJFiMCgfQ==
    dependencies:
      "@volar/shared" "0.29.8"
      vscode-vue-languageservice "0.29.8"
  
  vue@^3.2.25:
    version "3.2.28"
    resolved "http://npm.guazi-corp.com/vue/-/vue-3.2.28.tgz"
    integrity sha512-U+jBwVh3RQ9AgceLFdT7i2FFujoC+kYuGrKo5y8aLluWKZWPS40WgA2pyYHaiSX9ydCbEGr3rc/JzdqskzD95g==
    dependencies:
      "@vue/compiler-dom" "3.2.28"
      "@vue/compiler-sfc" "3.2.28"
      "@vue/runtime-dom" "3.2.28"
      "@vue/server-renderer" "3.2.28"
      "@vue/shared" "3.2.28"
  
  which-boxed-primitive@^1.0.2:
    version "1.0.2"
    resolved "http://npm.guazi-corp.com/which-boxed-primitive/-/which-boxed-primitive-1.0.2.tgz"
    integrity sha1-E3V7yJsgmwSf5dhkMOIc9AqJqOY=
    dependencies:
      is-bigint "^1.0.1"
      is-boolean-object "^1.1.0"
      is-number-object "^1.0.4"
      is-string "^1.0.5"
      is-symbol "^1.0.3"
  
  which@^2.0.1:
    version "2.0.2"
    resolved "http://npm.guazi-corp.com/which/-/which-2.0.2.tgz"
    integrity sha1-fGqN0KY2oDJ+ELWckobu6T8/UbE=
    dependencies:
      isexe "^2.0.0"
  
  with@^7.0.0:
    version "7.0.2"
    resolved "http://npm.guazi-corp.com/with/-/with-7.0.2.tgz"
    integrity sha1-zO461ULSVTinp6gKrSErmChJW6w=
    dependencies:
      "@babel/parser" "^7.9.6"
      "@babel/types" "^7.9.6"
      assert-never "^1.2.1"
      babel-walk "3.0.0-canary-5"
  
  word-wrap@^1.2.3:
    version "1.2.3"
    resolved "http://npm.guazi-corp.com/word-wrap/-/word-wrap-1.2.3.tgz"
    integrity sha1-YQY29rH3A4kb00dxzLF/uTtHB5w=
  
  wrap-ansi@^6.2.0:
    version "6.2.0"
    resolved "http://npm.guazi-corp.com/wrap-ansi/-/wrap-ansi-6.2.0.tgz#e9393ba07102e6c91a3b221478f0257cd2856e53"
    integrity sha1-6Tk7oHEC5skaOyIUePAlfNKFblM=
    dependencies:
      ansi-styles "^4.0.0"
      string-width "^4.1.0"
      strip-ansi "^6.0.0"
  
  wrap-ansi@^7.0.0:
    version "7.0.0"
    resolved "http://npm.guazi-corp.com/wrap-ansi/-/wrap-ansi-7.0.0.tgz#67e145cff510a6a6984bdf1152911d69d2eb9e43"
    integrity sha1-Z+FFz/UQpqaYS98RUpEdadLrnkM=
    dependencies:
      ansi-styles "^4.0.0"
      string-width "^4.1.0"
      strip-ansi "^6.0.0"
  
  wrappy@1:
    version "1.0.2"
    resolved "http://npm.guazi-corp.com/wrappy/-/wrappy-1.0.2.tgz"
    integrity sha1-tSQ9jz7BqjXxNkYFvA0QNuMKtp8=
  
  yallist@^4.0.0:
    version "4.0.0"
    resolved "http://npm.guazi-corp.com/yallist/-/yallist-4.0.0.tgz"
    integrity sha1-m7knkNnA7/7GO+c1GeEaNQGaOnI=
  
  yaml@^1.10.2:
    version "1.10.2"
    resolved "http://npm.guazi-corp.com/yaml/-/yaml-1.10.2.tgz#2301c5ffbf12b467de8da2333a459e29e7920e4b"
    integrity sha1-IwHF/78StGfejaIzOkWeKeeSDks=
